2025-11-08 13:40:47,717 [INFO] Activator:176 - 


2025-11-08 13:40:47,780 [INFO] Activator:177 - !SESSION log4j initialized
2025-11-08 13:40:52,881 [INFO] LogOutputStream:77 - [STDOUT_REDIRECT] 
2025-11-08 13:40:54,954 [INFO] ApplicationProperties:184 - Using Application install path: C:\ST\STM32CubeIDE_1.19.0\STM32CubeIDE\plugins\com.st.stm32cube.common.mx_6.15.0.202507011659
2025-11-08 13:40:54,968 [INFO] DbMcusXml:78 - Set database path to: C:\ST\STM32CubeIDE_1.19.0\STM32CubeIDE\plugins\com.st.stm32cube.common.mx_6.15.0.202507011659\\db\/mcu/
2025-11-08 13:40:54,971 [INFO] ApiDb:274 - Set plugin database path to: C:\ST\STM32CubeIDE_1.19.0\STM32CubeIDE\plugins\com.st.stm32cube.common.mx_6.15.0.202507011659\\db\/plugins/boardmanager/
2025-11-08 13:40:54,974 [WARN] ApiDb:259 - Overriding images path with different value:  => C:\ST\STM32CubeIDE_1.19.0\STM32CubeIDE\plugins\com.st.stm32cube.common.mx_6.15.0.202507011659\\db\/plugins/mcufinder/images/
2025-11-08 13:40:54,982 [INFO] ApiDb:250 - Set database path to: C:\Users\wenbox\.stmcufinder\plugins\mcufinder//mcu/
2025-11-08 13:40:54,985 [INFO] DbMcusAds:125 - Set database path to: C:\Users\wenbox\.stmcufinder\plugins\mcufinder//mcu/
2025-11-08 13:40:54,989 [INFO] CrossReferenceDbSqlite:203 - Set database path to: C:\Users\wenbox\.stmcufinder\plugins\mcufinder//mcu/cs/
2025-11-08 13:40:55,104 [INFO] RulesReader:64 - Compatibility file has been processed (317 Rules)
2025-11-08 13:40:55,190 [INFO] DbMcusXml:78 - Set database path to: C:\ST\STM32CubeIDE_1.19.0\STM32CubeIDE\plugins\com.st.stm32cube.common.mx_6.15.0.202507011659\\db\/mcu/
2025-11-08 13:40:55,193 [INFO] ApiDb:274 - Set plugin database path to: C:\ST\STM32CubeIDE_1.19.0\STM32CubeIDE\plugins\com.st.stm32cube.common.mx_6.15.0.202507011659\\db\/plugins/boardmanager/
2025-11-08 13:40:55,196 [INFO] ApiDb:261 - Set plugin images path to: C:\ST\STM32CubeIDE_1.19.0\STM32CubeIDE\plugins\com.st.stm32cube.common.mx_6.15.0.202507011659\\db\/plugins/mcufinder/images/
2025-11-08 13:40:55,198 [WARN] DbFile:41 - Overriding database path with different value: C:\Users\wenbox\.stmcufinder\plugins\mcufinder/ => C:\Users\wenbox\.stmcufinder\plugins\mcufinder
2025-11-08 13:40:55,200 [INFO] ApiDb:250 - Set database path to: C:\Users\wenbox\.stmcufinder\plugins\mcufinder//mcu/
2025-11-08 13:40:55,203 [WARN] DbFile:41 - Overriding database path with different value: C:\Users\wenbox\.stmcufinder\plugins\mcufinder/ => C:\Users\wenbox\.stmcufinder\plugins\mcufinder
2025-11-08 13:40:55,205 [INFO] DbMcusAds:125 - Set database path to: C:\Users\wenbox\.stmcufinder\plugins\mcufinder//mcu/
2025-11-08 13:40:55,209 [WARN] DbFile:41 - Overriding database path with different value: C:\Users\wenbox\.stmcufinder\plugins\mcufinder/ => C:\Users\wenbox\.stmcufinder\plugins\mcufinder
2025-11-08 13:40:55,211 [WARN] DbFile:41 - Overriding database path with different value: C:\Users\wenbox\.stmcufinder\plugins\mcufinder/ => C:\Users\wenbox\.stmcufinder\plugins\mcufinder
2025-11-08 13:40:55,214 [INFO] CrossReferenceDbSqlite:203 - Set database path to: C:\Users\wenbox\.stmcufinder\plugins\mcufinder//mcu/cs/
2025-11-08 13:40:55,295 [INFO] MainPanel:274 - HeapMemory: 268435456
2025-11-08 13:40:55,367 [INFO] DbMcusXml:78 - Set database path to: C:\ST\STM32CubeIDE_1.19.0\STM32CubeIDE\plugins\com.st.stm32cube.common.mx_6.15.0.202507011659\\db\/mcu/
2025-11-08 13:40:55,371 [INFO] ApiDb:274 - Set plugin database path to: C:\ST\STM32CubeIDE_1.19.0\STM32CubeIDE\plugins\com.st.stm32cube.common.mx_6.15.0.202507011659\\db\/plugins/boardmanager/
2025-11-08 13:40:55,373 [INFO] ApiDb:261 - Set plugin images path to: C:\ST\STM32CubeIDE_1.19.0\STM32CubeIDE\plugins\com.st.stm32cube.common.mx_6.15.0.202507011659\\db\/plugins/mcufinder/images/
2025-11-08 13:40:55,376 [WARN] DbFile:41 - Overriding database path with different value: C:\Users\wenbox\.stmcufinder\plugins\mcufinder/ => C:\Users\wenbox\.stmcufinder\plugins\mcufinder
2025-11-08 13:40:55,378 [INFO] ApiDb:250 - Set database path to: C:\Users\wenbox\.stmcufinder\plugins\mcufinder//mcu/
2025-11-08 13:40:55,381 [WARN] DbFile:41 - Overriding database path with different value: C:\Users\wenbox\.stmcufinder\plugins\mcufinder/ => C:\Users\wenbox\.stmcufinder\plugins\mcufinder
2025-11-08 13:40:55,385 [INFO] DbMcusAds:125 - Set database path to: C:\Users\wenbox\.stmcufinder\plugins\mcufinder//mcu/
2025-11-08 13:40:55,388 [WARN] DbFile:41 - Overriding database path with different value: C:\Users\wenbox\.stmcufinder\plugins\mcufinder/ => C:\Users\wenbox\.stmcufinder\plugins\mcufinder
2025-11-08 13:40:55,390 [WARN] DbFile:41 - Overriding database path with different value: C:\Users\wenbox\.stmcufinder\plugins\mcufinder/ => C:\Users\wenbox\.stmcufinder\plugins\mcufinder
2025-11-08 13:40:55,395 [INFO] CrossReferenceDbSqlite:203 - Set database path to: C:\Users\wenbox\.stmcufinder\plugins\mcufinder//mcu/cs/
2025-11-08 13:40:55,429 [INFO] ApplicationProperties:184 - Using Application install path: C:\ST\STM32CubeIDE_1.19.0\STM32CubeIDE\plugins\com.st.stm32cube.common.mx_6.15.0.202507011659
2025-11-08 13:40:55,433 [INFO] PluginManage:196 - Search for loadable plugins [exclusion list=, ]
2025-11-08 13:40:55,437 [INFO] PluginManage:310 - Check plugin analytics
2025-11-08 13:40:55,646 [INFO] AnalyticsPlugin:253 - Accepted Software Licenses: 
2025-11-08 13:40:55,648 [INFO] AnalyticsPlugin:255 - Accepted CMSIS Pack Licenses: 
2025-11-08 13:40:55,652 [INFO] AnalyticsPlugin:257 - Accepted Firmware Licenses: 
2025-11-08 13:40:55,657 [INFO] PluginManage:359 - Loaded plugin analytics (category:tool,tabindex:-1)
2025-11-08 13:40:55,660 [INFO] PluginManage:310 - Check plugin cadmodel
2025-11-08 13:40:55,666 [INFO] CADModel:105 - Init CAD model plugin
2025-11-08 13:40:55,669 [INFO] PluginManage:359 - Loaded plugin cadmodel (category:power,tabindex:5)
2025-11-08 13:40:55,672 [INFO] PluginManage:310 - Check plugin clock
2025-11-08 13:40:55,681 [INFO] PluginManage:359 - Loaded plugin clock (category:base,tabindex:2)
2025-11-08 13:40:55,683 [INFO] PluginManage:310 - Check plugin ddr
2025-11-08 13:40:55,686 [INFO] PluginManage:359 - Loaded plugin ddr (category:tool,tabindex:6)
2025-11-08 13:40:55,688 [INFO] PluginManage:310 - Check plugin filemanager
2025-11-08 13:40:55,822 [INFO] PluginManage:359 - Loaded plugin filemanager (category:base,tabindex:10)
2025-11-08 13:40:55,824 [INFO] PluginManage:310 - Check plugin ipmanager
2025-11-08 13:40:55,835 [INFO] PluginManage:359 - Loaded plugin ipmanager (category:base,tabindex:5)
2025-11-08 13:40:55,837 [INFO] PluginManage:310 - Check plugin lpbam
2025-11-08 13:40:55,857 [INFO] PluginManage:359 - Loaded plugin lpbam (category:base,tabindex:0)
2025-11-08 13:40:55,859 [INFO] PluginManage:310 - Check plugin memorymap
2025-11-08 13:40:55,877 [INFO] PluginManage:359 - Loaded plugin memorymap (category:base,tabindex:4)
2025-11-08 13:40:55,879 [INFO] PluginManage:310 - Check plugin pinoutandconfiguration
2025-11-08 13:40:55,888 [INFO] PluginManage:359 - Loaded plugin pinoutandconfiguration (category:base,tabindex:1)
2025-11-08 13:40:55,891 [INFO] PluginManage:310 - Check plugin pinoutconfig
2025-11-08 13:40:55,985 [WARN] SupportedApi:132 - Cannot load RTOS API schema: s4s-elt-must-match.1: The content of 'definitions' must match (annotation?, (simpleType | complexType)?, (unique | key | keyref)*)). A problem was found starting at: attribute.
2025-11-08 13:40:56,116 [INFO] PluginManage:359 - Loaded plugin pinoutconfig (category:base,tabindex:0)
2025-11-08 13:40:56,120 [INFO] PluginManage:310 - Check plugin power
2025-11-08 13:40:56,130 [INFO] PluginManage:359 - Loaded plugin power (category:power,tabindex:4)
2025-11-08 13:40:56,132 [INFO] PluginManage:310 - Check plugin projectmanager
2025-11-08 13:40:56,153 [INFO] PluginManage:359 - Loaded plugin projectmanager (category:projectmanager,tabindex:4)
2025-11-08 13:40:56,156 [INFO] PluginManage:310 - Check plugin rif
2025-11-08 13:40:56,169 [INFO] PluginManage:359 - Loaded plugin rif (category:base,tabindex:3)
2025-11-08 13:40:56,171 [INFO] PluginManage:310 - Check plugin thirdparty
2025-11-08 13:40:56,305 [INFO] PluginManage:359 - Loaded plugin thirdparty (category:base,tabindex:-1)
2025-11-08 13:40:56,310 [INFO] PluginManage:310 - Check plugin tools
2025-11-08 13:40:56,305 [WARN] IntegrityCheckThread:84 - waiting for thirdparty lock release [integrity check]
2025-11-08 13:40:56,314 [INFO] IntegrityCheckThread:86 - entering critical section [integrity check]
2025-11-08 13:40:56,314 [INFO] PluginManage:359 - Loaded plugin tools (category:base,tabindex:7)
2025-11-08 13:40:56,316 [INFO] ThirdPartyUpdaterWithRetryManager:70 - Updater plugin not ready yet. [1/15]
2025-11-08 13:40:56,318 [INFO] PluginManage:310 - Check plugin tutovideos
2025-11-08 13:40:56,493 [INFO] PluginManage:359 - Loaded plugin tutovideos (category:base,tabindex:-1)
2025-11-08 13:40:56,497 [INFO] PluginManage:310 - Check plugin updater
2025-11-08 13:40:56,520 [INFO] PluginManage:359 - Loaded plugin updater (category:base,tabindex:12)
2025-11-08 13:40:56,522 [INFO] PluginManage:310 - Check plugin userauth
2025-11-08 13:40:56,530 [INFO] UserAuth:118 - Init User Auth plugin
2025-11-08 13:40:56,533 [INFO] PluginManage:359 - Loaded plugin userauth (category:base,tabindex:14)
2025-11-08 13:40:56,535 [INFO] PluginManage:283 - PluginManage : Loaded plugins [18]
2025-11-08 13:40:56,759 [INFO] PinOutPanel:1589 - setPackage(No Configuration,No Configuration)
2025-11-08 13:40:56,881 [INFO] CADModel:165 - CPN selected for project level
2025-11-08 13:40:56,884 [INFO] CADModel:114 - Register for checkConnection events
2025-11-08 13:40:56,901 [INFO] IPUIPlugin:80 - create IPUIPlugin
2025-11-08 13:40:56,904 [INFO] PluginManager:220 - loadIPPluginJar : add adc
2025-11-08 13:40:56,908 [INFO] IPUIPlugin:80 - create IPUIPlugin
2025-11-08 13:40:56,910 [INFO] PluginManager:220 - loadIPPluginJar : add aes
2025-11-08 13:40:56,917 [INFO] IPUIPlugin:80 - create IPUIPlugin
2025-11-08 13:40:56,918 [INFO] PluginManager:220 - loadIPPluginJar : add can
2025-11-08 13:40:56,923 [INFO] IPUIPlugin:80 - create IPUIPlugin
2025-11-08 13:40:56,926 [INFO] PluginManager:220 - loadIPPluginJar : add comp
2025-11-08 13:40:56,932 [INFO] IPUIPlugin:80 - create IPUIPlugin
2025-11-08 13:40:56,934 [INFO] PluginManager:220 - loadIPPluginJar : add cryp
2025-11-08 13:40:56,938 [INFO] IPUIPlugin:80 - create IPUIPlugin
2025-11-08 13:40:56,941 [INFO] PluginManager:220 - loadIPPluginJar : add ddr_ctrl_phy
2025-11-08 13:40:56,946 [INFO] IPUIPlugin:80 - create IPUIPlugin
2025-11-08 13:40:56,949 [INFO] PluginManager:220 - loadIPPluginJar : add dfsdm
2025-11-08 13:40:56,957 [INFO] IPUIPlugin:80 - create IPUIPlugin
2025-11-08 13:40:56,961 [INFO] PluginManager:220 - loadIPPluginJar : add dma
2025-11-08 13:40:56,965 [INFO] IPUIPlugin:80 - create IPUIPlugin
2025-11-08 13:40:56,967 [INFO] PluginManager:220 - loadIPPluginJar : add dma3
2025-11-08 13:40:56,972 [INFO] IPUIPlugin:80 - create IPUIPlugin
2025-11-08 13:40:56,975 [INFO] PluginManager:220 - loadIPPluginJar : add extmemmanager
2025-11-08 13:40:56,978 [INFO] IPUIPlugin:80 - create IPUIPlugin
2025-11-08 13:40:56,982 [INFO] PluginManager:220 - loadIPPluginJar : add fatfs
2025-11-08 13:40:56,988 [INFO] IPUIPlugin:80 - create IPUIPlugin
2025-11-08 13:40:56,991 [INFO] PluginManager:220 - loadIPPluginJar : add fmc
2025-11-08 13:40:56,998 [INFO] IPUIPlugin:80 - create IPUIPlugin
2025-11-08 13:40:57,001 [INFO] PluginManager:220 - loadIPPluginJar : add freertos
2025-11-08 13:40:57,004 [INFO] IPUIPlugin:80 - create IPUIPlugin
2025-11-08 13:40:57,006 [INFO] PluginManager:220 - loadIPPluginJar : add genericplugin
2025-11-08 13:40:57,011 [INFO] IPUIPlugin:80 - create IPUIPlugin
2025-11-08 13:40:57,013 [INFO] PluginManager:220 - loadIPPluginJar : add gfxmmu
2025-11-08 13:40:57,019 [INFO] IPUIPlugin:80 - create IPUIPlugin
2025-11-08 13:40:57,021 [INFO] PluginManager:220 - loadIPPluginJar : add gic
2025-11-08 13:40:57,026 [INFO] IPUIPlugin:80 - create IPUIPlugin
2025-11-08 13:40:57,028 [INFO] PluginManager:220 - loadIPPluginJar : add gpio
2025-11-08 13:40:57,033 [INFO] IPUIPlugin:80 - create IPUIPlugin
2025-11-08 13:40:57,035 [INFO] PluginManager:220 - loadIPPluginJar : add gtzc
2025-11-08 13:40:57,040 [INFO] IPUIPlugin:80 - create IPUIPlugin
2025-11-08 13:40:57,042 [INFO] PluginManager:220 - loadIPPluginJar : add hash
2025-11-08 13:40:57,047 [INFO] IPUIPlugin:80 - create IPUIPlugin
2025-11-08 13:40:57,049 [INFO] PluginManager:220 - loadIPPluginJar : add i2c
2025-11-08 13:40:57,053 [INFO] IPUIPlugin:80 - create IPUIPlugin
2025-11-08 13:40:57,055 [INFO] PluginManager:220 - loadIPPluginJar : add i2s
2025-11-08 13:40:57,060 [INFO] IPUIPlugin:80 - create IPUIPlugin
2025-11-08 13:40:57,061 [INFO] PluginManager:220 - loadIPPluginJar : add i3c
2025-11-08 13:40:57,067 [INFO] IPUIPlugin:80 - create IPUIPlugin
2025-11-08 13:40:57,068 [INFO] PluginManager:220 - loadIPPluginJar : add ipddr
2025-11-08 13:40:57,075 [INFO] IPUIPlugin:80 - create IPUIPlugin
2025-11-08 13:40:57,078 [INFO] PluginManager:220 - loadIPPluginJar : add linkedlist
2025-11-08 13:40:57,081 [INFO] IPUIPlugin:80 - create IPUIPlugin
2025-11-08 13:40:57,084 [INFO] PluginManager:220 - loadIPPluginJar : add lorawan
2025-11-08 13:40:57,088 [INFO] IPUIPlugin:80 - create IPUIPlugin
2025-11-08 13:40:57,090 [INFO] PluginManager:220 - loadIPPluginJar : add ltdc
2025-11-08 13:40:57,096 [INFO] IPUIPlugin:80 - create IPUIPlugin
2025-11-08 13:40:57,099 [INFO] PluginManager:220 - loadIPPluginJar : add mdma
2025-11-08 13:40:57,103 [INFO] IPUIPlugin:80 - create IPUIPlugin
2025-11-08 13:40:57,106 [INFO] PluginManager:220 - loadIPPluginJar : add nvic
2025-11-08 13:40:57,110 [INFO] IPUIPlugin:80 - create IPUIPlugin
2025-11-08 13:40:57,111 [INFO] PluginManager:220 - loadIPPluginJar : add opamp
2025-11-08 13:40:57,116 [INFO] IPUIPlugin:80 - create IPUIPlugin
2025-11-08 13:40:57,118 [INFO] PluginManager:220 - loadIPPluginJar : add openamp
2025-11-08 13:40:57,122 [INFO] IPUIPlugin:80 - create IPUIPlugin
2025-11-08 13:40:57,124 [INFO] PluginManager:220 - loadIPPluginJar : add pdm2pcm
2025-11-08 13:40:57,132 [INFO] IPUIPlugin:80 - create IPUIPlugin
2025-11-08 13:40:57,136 [INFO] PluginManager:220 - loadIPPluginJar : add plateformsettings
2025-11-08 13:40:57,139 [INFO] IPUIPlugin:80 - create IPUIPlugin
2025-11-08 13:40:57,141 [INFO] PluginManager:220 - loadIPPluginJar : add quadspi
2025-11-08 13:40:57,145 [INFO] IPUIPlugin:80 - create IPUIPlugin
2025-11-08 13:40:57,147 [INFO] PluginManager:220 - loadIPPluginJar : add radio
2025-11-08 13:40:57,152 [INFO] IPUIPlugin:80 - create IPUIPlugin
2025-11-08 13:40:57,154 [INFO] PluginManager:220 - loadIPPluginJar : add resmgrutility
2025-11-08 13:40:57,160 [INFO] IPUIPlugin:80 - create IPUIPlugin
2025-11-08 13:40:57,162 [INFO] PluginManager:220 - loadIPPluginJar : add sai
2025-11-08 13:40:57,166 [INFO] IPUIPlugin:80 - create IPUIPlugin
2025-11-08 13:40:57,168 [INFO] PluginManager:220 - loadIPPluginJar : add spi
2025-11-08 13:40:57,176 [INFO] IPUIPlugin:80 - create IPUIPlugin
2025-11-08 13:40:57,178 [INFO] PluginManager:220 - loadIPPluginJar : add stm32_wpan
2025-11-08 13:40:57,182 [INFO] IPUIPlugin:80 - create IPUIPlugin
2025-11-08 13:40:57,185 [INFO] PluginManager:220 - loadIPPluginJar : add tim
2025-11-08 13:40:57,190 [INFO] IPUIPlugin:80 - create IPUIPlugin
2025-11-08 13:40:57,192 [INFO] PluginManager:220 - loadIPPluginJar : add touchsensing
2025-11-08 13:40:57,196 [INFO] IPUIPlugin:80 - create IPUIPlugin
2025-11-08 13:40:57,198 [INFO] PluginManager:220 - loadIPPluginJar : add tracer_emb
2025-11-08 13:40:57,202 [INFO] IPUIPlugin:80 - create IPUIPlugin
2025-11-08 13:40:57,204 [INFO] PluginManager:220 - loadIPPluginJar : add ts
2025-11-08 13:40:57,206 [INFO] IPUIPlugin:80 - create IPUIPlugin
2025-11-08 13:40:57,209 [INFO] PluginManager:220 - loadIPPluginJar : add tsc
2025-11-08 13:40:57,212 [INFO] IPUIPlugin:80 - create IPUIPlugin
2025-11-08 13:40:57,214 [INFO] PluginManager:220 - loadIPPluginJar : add ucpd
2025-11-08 13:40:57,218 [INFO] IPUIPlugin:80 - create IPUIPlugin
2025-11-08 13:40:57,222 [INFO] PluginManager:220 - loadIPPluginJar : add usart
2025-11-08 13:40:57,230 [INFO] IPUIPlugin:80 - create IPUIPlugin
2025-11-08 13:40:57,232 [INFO] PluginManager:220 - loadIPPluginJar : add usbx
2025-11-08 13:40:57,385 [FATAL] Updater:351 - Updater called before beeing initialized
2025-11-08 13:40:57,418 [INFO] RulesReader:64 - Compatibility file has been processed (317 Rules)
2025-11-08 13:40:57,433 [INFO] RulesReader:64 - Compatibility file has been processed (317 Rules)
2025-11-08 13:40:57,444 [INFO] CADModel:165 - CPN selected for project level
2025-11-08 13:40:57,445 [INFO] CADModel:114 - Register for checkConnection events
2025-11-08 13:40:57,447 [FATAL] Updater:351 - Updater called before beeing initialized
2025-11-08 13:40:57,449 [ERROR] CADModel:125 - Updater not yet initialized, retry later 
2025-11-08 13:40:57,578 [FATAL] Updater:351 - Updater called before beeing initialized
2025-11-08 13:40:57,582 [INFO] CADModel:165 - CPN selected for project level
2025-11-08 13:40:57,584 [INFO] CADModel:114 - Register for checkConnection events
2025-11-08 13:40:57,587 [FATAL] Updater:351 - Updater called before beeing initialized
2025-11-08 13:40:57,589 [ERROR] CADModel:125 - Updater not yet initialized, retry later 
2025-11-08 13:40:57,593 [FATAL] Updater:351 - Updater called before beeing initialized
2025-11-08 13:40:57,725 [FATAL] Updater:351 - Updater called before beeing initialized
2025-11-08 13:40:57,732 [INFO] DbMcusAds:53 - JSON generation date=Fri Nov 07 06:13:48 EST 2025 (1762514028714)
2025-11-08 13:40:57,734 [FATAL] Updater:351 - Updater called before beeing initialized
2025-11-08 13:40:57,771 [WARN] DetailPanel:346 - Failed to get advertising image, set to default
2025-11-08 13:40:57,895 [FATAL] Updater:351 - Updater called before beeing initialized
2025-11-08 13:40:57,899 [FATAL] Updater:351 - Updater called before beeing initialized
2025-11-08 13:40:57,902 [FATAL] Updater:351 - Updater called before beeing initialized
2025-11-08 13:40:57,906 [WARN] DetailPanel:346 - Failed to get advertising image, set to default
2025-11-08 13:40:57,909 [FATAL] Updater:351 - Updater called before beeing initialized
2025-11-08 13:40:57,962 [ERROR] Updater:1198 - MainUpdater not yet initialized. External WinMGr cannot be set.
2025-11-08 13:40:57,966 [INFO] Updater:1134 - Updater Version found : 6.15.0
2025-11-08 13:40:57,982 [INFO] ApplicationProperties:184 - Using Application install path: C:\ST\STM32CubeIDE_1.19.0\STM32CubeIDE\plugins\com.st.stm32cube.common.mx_6.15.0.202507011659
2025-11-08 13:40:59,321 [INFO] ThirdPartyUpdaterWithRetryManager:70 - Updater plugin not ready yet. [2/15]
2025-11-08 13:40:59,564 [ERROR] LogOutputStream:75 - [STDERR_REDIRECT] Nov 08, 2025 1:40:59 PM java.util.prefs.WindowsPreferences <init>
2025-11-08 13:40:59,569 [ERROR] LogOutputStream:75 - [STDERR_REDIRECT] WARNING: Could not open/create prefs root node Software\JavaSoft\Prefs at root 0xffffffff80000002. Windows RegCreateKeyEx(...) returned error code 5.
2025-11-08 13:40:59,571 [ERROR] LogOutputStream:75 - [STDERR_REDIRECT] 
2025-11-08 13:40:59,926 [INFO] MainUpdater:2872 - connection check result : 10
2025-11-08 13:40:59,929 [INFO] MainUpdater:289 - Updater Check For Update Now.
2025-11-08 13:40:59,931 [INFO] MicroXplorer:498 - Change Database Version : DB.6.0.150
2025-11-08 13:40:59,940 [INFO] McuFinderGlobals:63 - Set McuFinder mode to 2 (CubeIDE integrated)
2025-11-08 13:40:59,943 [INFO] UserAuth:487 - Internet connection configuration mode: 1
2025-11-08 13:40:59,969 [INFO] JxBrowserEngine:152 - Initiate JxBrowser Engine with user profile folder
2025-11-08 13:41:00,131 [INFO] CheckServerUpdateThread:120 - End of CheckServer Thread
2025-11-08 13:41:00,923 [INFO] WebApp:169 - Instantiating new browser for Auth
2025-11-08 13:41:01,834 [INFO] WebApp:463 - Apply proxy settings
2025-11-08 13:41:01,837 [INFO] WebApp:548 - Chromium requires no authentication
2025-11-08 13:41:01,847 [INFO] WebApp:491 - Direct internet connection detected
2025-11-08 13:41:01,871 [INFO] WebApp:900 - Register for checkConnection events
2025-11-08 13:41:01,875 [INFO] WebApp:463 - Apply proxy settings
2025-11-08 13:41:01,877 [INFO] WebApp:548 - Chromium requires no authentication
2025-11-08 13:41:01,880 [INFO] WebApp:491 - Direct internet connection detected
2025-11-08 13:41:02,039 [INFO] WebApp:225 - Starting web application
2025-11-08 13:41:02,043 [INFO] WebApp:593 - Web application path used C:\ST\STM32CubeIDE_1.19.0\STM32CubeIDE\plugins\com.st.stm32cube.common.mx_6.15.0.202507011659\db\plugins\mcufinder\reactClient1\index.html
2025-11-08 13:41:02,083 [INFO] WebApp:191 - Connection restablished
2025-11-08 13:41:02,157 [INFO] UserAuth:487 - Internet connection configuration mode: 1
2025-11-08 13:41:02,745 [WARN] PackLoader:240 - Cannot read IP mode file for STMicroelectronics.FP-SNS-MOTENVWB1.1.4.0
2025-11-08 13:41:02,761 [WARN] PackLoader:240 - Cannot read IP mode file for STMicroelectronics.FP-ATR-ASTRA1.2.0.2
2025-11-08 13:41:02,781 [WARN] PackLoader:240 - Cannot read IP mode file for STMicroelectronics.X-CUBE-SMBUS.2.1.0
2025-11-08 13:41:02,817 [WARN] PackLoader:240 - Cannot read IP mode file for STMicroelectronics.X-CUBE-AZRTOS-F7.1.1.0
2025-11-08 13:41:02,830 [WARN] PackLoader:240 - Cannot read IP mode file for Cesanta.I-CUBE-Mongoose.7.19.0
2025-11-08 13:41:02,839 [WARN] PackLoader:240 - Cannot read IP mode file for STMicroelectronics.FP-SNS-MOTENV1.5.1.0
2025-11-08 13:41:02,855 [WARN] PackLoader:240 - Cannot read IP mode file for WES.I-CUBE-Cesium.1.4.0
2025-11-08 13:41:02,885 [WARN] PackLoader:240 - Cannot read IP mode file for Infineon.AIROC-Wi-Fi-Bluetooth-STM32.1.7.1
2025-11-08 13:41:02,913 [WARN] PackLoader:240 - Cannot read IP mode file for STMicroelectronics.X-CUBE-AZRTOS-H7.3.4.0
2025-11-08 13:41:02,924 [WARN] PackLoader:240 - Cannot read IP mode file for STMicroelectronics.X-CUBE-DISPLAY.3.0.0
2025-11-08 13:41:02,938 [WARN] PackLoader:240 - Cannot read IP mode file for STMicroelectronics.X-CUBE-NFC10.1.0.0
2025-11-08 13:41:02,957 [WARN] PackLoader:240 - Cannot read IP mode file for STMicroelectronics.X-CUBE-ST60.1.1.0
2025-11-08 13:41:02,968 [WARN] PackLoader:240 - Cannot read IP mode file for emotas.I-CUBE-CANOPEN.1.3.0
2025-11-08 13:41:02,977 [WARN] PackLoader:240 - Cannot read IP mode file for STMicroelectronics.X-CUBE-GNSS1.7.1.0
2025-11-08 13:41:02,990 [WARN] PackLoader:240 - Cannot read IP mode file for STMicroelectronics.FP-SNS-STBOX1.2.1.0
2025-11-08 13:41:03,000 [WARN] PackLoader:240 - Cannot read IP mode file for STMicroelectronics.FP-SNS-SMARTAG2.1.2.0
2025-11-08 13:41:03,025 [WARN] PackLoader:240 - Cannot read IP mode file for STMicroelectronics.FP-SNS-FLIGHT1.5.1.0
2025-11-08 13:41:03,041 [INFO] LogOutputStream:77 - [STDOUT_REDIRECT] 1 : Invalid condition id : UX_CORESTACK_Condition cause : null
2025-11-08 13:41:03,044 [INFO] LogOutputStream:77 - [STDOUT_REDIRECT] 1 : Invalid condition id : UX_CORESTACK_Condition cause : null
2025-11-08 13:41:03,058 [INFO] LogOutputStream:77 - [STDOUT_REDIRECT] 1 : Invalid condition id : UX_CORESTACK_Condition cause : null
2025-11-08 13:41:03,062 [INFO] LogOutputStream:77 - [STDOUT_REDIRECT] 1 : Invalid condition id : UX_CORESTACK_Condition cause : null
2025-11-08 13:41:03,066 [INFO] LogOutputStream:77 - [STDOUT_REDIRECT] 1 : Invalid condition id : UX_CORESTACK_Condition cause : null
2025-11-08 13:41:03,071 [WARN] PackLoader:240 - Cannot read IP mode file for STMicroelectronics.X-CUBE-AZRTOS-WL.2.0.0
2025-11-08 13:41:03,081 [WARN] PackLoader:240 - Cannot read IP mode file for STMicroelectronics.X-CUBE-BLE2.3.3.0
2025-11-08 13:41:03,103 [WARN] PackLoader:240 - Cannot read IP mode file for STMicroelectronics.X-CUBE-NFC9.1.0.0
2025-11-08 13:41:03,111 [WARN] PackLoader:240 - Cannot read IP mode file for wolfSSL.I-CUBE-wolfSSL.5.8.2
2025-11-08 13:41:03,117 [WARN] PackLoader:240 - Cannot read IP mode file for STMicroelectronics.X-CUBE-BLE1.7.1.0
2025-11-08 13:41:03,123 [WARN] PackLoader:240 - Cannot read IP mode file for wolfSSL.I-CUBE-wolfMQTT.1.19.2
2025-11-08 13:41:03,130 [WARN] PackLoader:240 - Cannot read IP mode file for STMicroelectronics.X-CUBE-EEPRMA1.5.2.0
2025-11-08 13:41:03,139 [WARN] PackLoader:240 - Cannot read IP mode file for STMicroelectronics.X-CUBE-ST67W61.1.1.0
2025-11-08 13:41:03,153 [WARN] PackLoader:240 - Cannot read IP mode file for STMicroelectronics.X-CUBE-AZRTOS-G0.1.1.0
2025-11-08 13:41:03,162 [WARN] PackLoader:240 - Cannot read IP mode file for STMicroelectronics.X-CUBE-NFC4.3.0.0
2025-11-08 13:41:03,171 [WARN] PackLoader:240 - Cannot read IP mode file for EmbeddedOffice.I-CUBE-FS-RTOS.1.0.1
2025-11-08 13:41:03,178 [WARN] PackLoader:240 - Cannot read IP mode file for STMicroelectronics.X-CUBE-WB05N.2.0.0
2025-11-08 13:41:03,183 [WARN] PackLoader:240 - Cannot read IP mode file for wolfSSL.I-CUBE-wolfTPM.3.8.0
2025-11-08 13:41:03,189 [WARN] PackLoader:240 - Cannot read IP mode file for STMicroelectronics.X-CUBE-TCPP.4.2.0
2025-11-08 13:41:03,197 [WARN] PackLoader:240 - Cannot read IP mode file for RealThread.X-CUBE-RT-Thread_Nano.4.1.1
2025-11-08 13:41:03,203 [WARN] PackLoader:240 - Cannot read IP mode file for STMicroelectronics.FP-ATR-SIGFOX1.3.2.0
2025-11-08 13:41:03,211 [WARN] PackLoader:240 - Cannot read IP mode file for ITTIA_DB.I-CUBE-ITTIADB.8.9.0
2025-11-08 13:41:03,216 [WARN] PackLoader:240 - Cannot read IP mode file for STMicroelectronics.X-CUBE-AI.10.2.0
2025-11-08 13:41:03,238 [WARN] PackLoader:240 - Cannot read IP mode file for SEGGER.I-CUBE-embOS.1.3.1
2025-11-08 13:41:03,272 [WARN] PackLoader:240 - Cannot read IP mode file for STMicroelectronics.X-CUBE-ALGOBUILD.1.4.0
2025-11-08 13:41:03,306 [WARN] PackLoader:240 - Cannot read IP mode file for STMicroelectronics.X-CUBE-MEMS1.11.3.0
2025-11-08 13:41:03,386 [WARN] PackLoader:240 - Cannot read IP mode file for STMicroelectronics.X-CUBE-PM33A1.1.0.0
2025-11-08 13:41:03,408 [WARN] PackLoader:240 - Cannot read IP mode file for STMicroelectronics.X-CUBE-AZRTOS-F4.1.1.0
2025-11-08 13:41:03,417 [WARN] PackLoader:240 - Cannot read IP mode file for STMicroelectronics.X-CUBE-ISPU.2.1.0
2025-11-08 13:41:03,431 [WARN] PackLoader:240 - Cannot read IP mode file for STMicroelectronics.X-CUBE-IPS.3.2.0
2025-11-08 13:41:03,441 [WARN] PackLoader:240 - Cannot read IP mode file for STMicroelectronics.X-CUBE-NFC12.1.0.0
2025-11-08 13:41:03,455 [WARN] PackLoader:240 - Cannot read IP mode file for STMicroelectronics.X-CUBE-AZRTOS-L5.2.0.0
2025-11-08 13:41:03,464 [WARN] PackLoader:240 - Cannot read IP mode file for STMicroelectronics.X-CUBE-NFC6.3.1.0
2025-11-08 13:41:03,472 [WARN] PackLoader:240 - Cannot read IP mode file for STMicroelectronics.X-CUBE-FREERTOS.1.3.1
2025-11-08 13:41:03,481 [WARN] PackLoader:240 - Cannot read IP mode file for STMicroelectronics.X-CUBE-TOUCHGFX.4.26.0
2025-11-08 13:41:03,487 [WARN] PackLoader:240 - Cannot read IP mode file for STMicroelectronics.FP-SNS-STAIOTCFT.1.0.0
2025-11-08 13:41:03,494 [WARN] PackLoader:240 - Cannot read IP mode file for STMicroelectronics.X-CUBE-DPower.1.3.0
2025-11-08 13:41:03,510 [WARN] ConditionMgr:438 - getConditionDescription Invalid condition id : LAN8742 Phy interface Condition cause : null
2025-11-08 13:41:03,513 [WARN] PackLoader:240 - Cannot read IP mode file for STMicroelectronics.X-CUBE-AZRTOS-L4.2.0.0
2025-11-08 13:41:03,515 [WARN] ConditionMgr:1044 - genDependencies : Invalid condition id : LAN8742 Phy interface Condition cause : null
2025-11-08 13:41:03,517 [WARN] ConditionMgr:1044 - genDependencies : Invalid condition id : LAN8742 Phy interface Condition cause : null
2025-11-08 13:41:03,520 [WARN] ConditionMgr:1044 - genDependencies : Invalid condition id : LAN8742 Phy interface Condition cause : null
2025-11-08 13:41:03,531 [WARN] PackLoader:240 - Cannot read IP mode file for STMicroelectronics.X-CUBE-SFXS2LP1.4.0.0
2025-11-08 13:41:03,540 [WARN] PackLoader:240 - Cannot read IP mode file for STMicroelectronics.X-CUBE-BLEMGR.4.1.0
2025-11-08 13:41:03,553 [WARN] ConditionMgr:438 - getConditionDescription Invalid condition id : UX DEVICE CLASS RTOS Condition cause : null
2025-11-08 13:41:03,556 [WARN] ConditionMgr:438 - getConditionDescription Invalid condition id : UX DEVICE CLASS RTOS Condition cause : null
2025-11-08 13:41:03,560 [WARN] PackLoader:240 - Cannot read IP mode file for STMicroelectronics.X-CUBE-AZRTOS-WB.2.0.0
2025-11-08 13:41:03,563 [WARN] ConditionMgr:1044 - genDependencies : Invalid condition id : UX DEVICE CLASS RTOS Condition cause : null
2025-11-08 13:41:03,566 [WARN] ConditionMgr:1044 - genDependencies : Invalid condition id : UX DEVICE CLASS RTOS Condition cause : null
2025-11-08 13:41:03,568 [WARN] ConditionMgr:1044 - genDependencies : Invalid condition id : UX DEVICE CLASS RTOS Condition cause : null
2025-11-08 13:41:03,571 [WARN] ConditionMgr:1044 - genDependencies : Invalid condition id : UX DEVICE CLASS RTOS Condition cause : null
2025-11-08 13:41:03,573 [WARN] ConditionMgr:1044 - genDependencies : Invalid condition id : UX DEVICE CLASS RTOS Condition cause : null
2025-11-08 13:41:03,581 [WARN] ConditionMgr:438 - getConditionDescription Invalid condition id : Cortex-A Device cause : null
2025-11-08 13:41:03,593 [WARN] ConditionMgr:1044 - genDependencies : Invalid condition id : Cortex-A Device cause : null
2025-11-08 13:41:03,597 [WARN] ConditionMgr:1044 - genDependencies : Invalid condition id : Cortex-A Device cause : null
2025-11-08 13:41:03,599 [WARN] ConditionMgr:1044 - genDependencies : Invalid condition id : Cortex-A Device cause : null
2025-11-08 13:41:03,614 [WARN] PackLoader:240 - Cannot read IP mode file for STMicroelectronics.X-CUBE-SUBG2.5.0.0
2025-11-08 13:41:03,635 [WARN] PackLoader:240 - Cannot read IP mode file for STMicroelectronics.X-CUBE-AZRTOS-H7RS.1.1.0
2025-11-08 13:41:03,652 [WARN] PackLoader:240 - Cannot read IP mode file for STMicroelectronics.X-CUBE-AZRTOS-G4.2.0.0
2025-11-08 13:41:03,659 [WARN] PackLoader:240 - Cannot read IP mode file for wolfSSL.I-CUBE-wolfSSH.1.4.20
2025-11-08 13:41:03,665 [WARN] PackLoader:240 - Cannot read IP mode file for STMicroelectronics.X-CUBE-NFC7.2.0.0
2025-11-08 13:41:03,676 [WARN] PackLoader:240 - Cannot read IP mode file for STMicroelectronics.X-CUBE-ALS.1.0.2
2025-11-08 13:41:03,687 [WARN] PackLoader:240 - Cannot read IP mode file for STMicroelectronics.X-CUBE-STSE01.1.0.0
2025-11-08 13:41:03,698 [WARN] PackLoader:240 - Cannot read IP mode file for STMicroelectronics.X-CUBE-TOF1.3.4.3
2025-11-08 13:41:03,708 [INFO] ThirdParty:978 - Integrity check success = true
2025-11-08 13:41:03,711 [INFO] IntegrityCheckThread:100 - exiting critical section [integrity check]
2025-11-08 13:41:03,713 [INFO] IntegrityCheckThread:103 - End integrity checks thread
2025-11-08 14:40:17,112 [INFO] McuFinderGlobals:63 - Set McuFinder mode to 2 (CubeIDE integrated)
2025-11-08 14:40:17,120 [INFO] MainUpdater:2872 - connection check result : 10
2025-11-08 14:40:17,125 [INFO] MainUpdater:2872 - connection check result : 10
2025-11-08 14:40:17,176 [INFO] MicroXplorer:468 - Change Database Path : 
2025-11-08 14:40:17,178 [INFO] MicroXplorer:498 - Change Database Version : DB.6.0.150
2025-11-08 14:40:17,188 [WARN] ThirdParty:871 - waiting for thirdparty lock release [close project]
2025-11-08 14:40:17,193 [INFO] ThirdParty:873 - entering critical section [close project]
2025-11-08 14:40:17,196 [INFO] ThirdParty:883 - exiting critical section [close project]
2025-11-08 14:40:17,201 [INFO] PinOutPanel:1589 - setPackage(No Configuration,No Configuration)
2025-11-08 14:40:17,204 [INFO] UtilMem:75 - Begin LoadConfig() Used Memory: 204865944 Bytes (282066944)
2025-11-08 14:40:17,212 [INFO] MicroXplorer:468 - Change Database Path : 
2025-11-08 14:40:17,214 [INFO] MicroXplorer:498 - Change Database Version : DB.6.0.150
2025-11-08 14:40:17,218 [INFO] OpenFileManager:355 - Change cursor
2025-11-08 14:40:17,254 [INFO] Mcu:2029 - Initializing MCU STM32L4R5ZITxP STM32L4R5ZITxP STM32L4R5ZIT6P
2025-11-08 14:40:20,421 [INFO] Context:786 - Trying to add GPIOservice into a context  which must be forbidden
2025-11-08 14:40:21,046 [INFO] ImportTextPane:234 - (OptionalMessage_ERROR) Pin73 (VP_RIF_VS_RIF1) cannot be retrieved for this MCU
2025-11-08 14:40:21,150 [INFO] RtosManager:558 - Registered RTOS mode: class=CMSIS, group=RTOS, mode=CMSIS_V1, owner=FREERTOS
2025-11-08 14:40:21,152 [INFO] RtosManager:558 - Registered RTOS mode: class=CMSIS, group=RTOS2, mode=CMSIS_V2, owner=FREERTOS
2025-11-08 14:40:21,154 [INFO] RtosManager:558 - Registered RTOS mode: class=RTOS, group=Core, mode=CMSIS_V1, owner=FREERTOS
2025-11-08 14:40:21,156 [INFO] RtosManager:558 - Registered RTOS mode: class=RTOS, group=Core, mode=CMSIS_V2, owner=FREERTOS
2025-11-08 14:40:21,158 [WARN] ModelIntegratedComponent:184 - Missing modes for component STMicroelectronics:FreeRTOS:0.0.1:STMicroelectronics:RTOS:FreeRTOS:Core:::10.2.0:
2025-11-08 14:40:21,185 [WARN] ModelIntegratedComponent:63 - No mode defined for component null
2025-11-08 14:40:21,188 [WARN] ModelIntegratedComponent:63 - No mode defined for component null
2025-11-08 14:40:21,190 [WARN] ModelIntegratedComponent:63 - No mode defined for component null
2025-11-08 14:40:21,192 [WARN] ModelIntegratedComponent:63 - No mode defined for component null
2025-11-08 14:40:21,194 [WARN] ModelIntegratedComponent:63 - No mode defined for component null
2025-11-08 14:40:21,196 [WARN] ModelIntegratedComponent:63 - No mode defined for component null
2025-11-08 14:40:21,198 [WARN] ModelIntegratedComponent:63 - No mode defined for component null
2025-11-08 14:40:21,200 [WARN] ModelIntegratedComponent:63 - No mode defined for component null
2025-11-08 14:40:21,202 [WARN] ModelIntegratedComponent:63 - No mode defined for component null
2025-11-08 14:40:21,204 [WARN] ModelIntegratedComponent:63 - No mode defined for component null
2025-11-08 14:40:21,206 [WARN] ModelIntegratedComponent:63 - No mode defined for component null
2025-11-08 14:40:21,208 [WARN] ModelIntegratedComponent:63 - No mode defined for component null
2025-11-08 14:40:21,211 [WARN] ModelIntegratedComponent:63 - No mode defined for component null
2025-11-08 14:40:21,212 [WARN] ModelIntegratedComponent:63 - No mode defined for component null
2025-11-08 14:40:21,215 [WARN] ModelIntegratedComponent:63 - No mode defined for component null
2025-11-08 14:40:21,216 [WARN] ModelIntegratedComponent:63 - No mode defined for component null
2025-11-08 14:40:21,219 [WARN] ModelIntegratedComponent:63 - No mode defined for component null
2025-11-08 14:40:21,222 [WARN] ModelIntegratedComponent:63 - No mode defined for component null
2025-11-08 14:40:21,223 [WARN] ModelIntegratedComponent:63 - No mode defined for component null
2025-11-08 14:40:21,226 [WARN] ModelIntegratedComponent:63 - No mode defined for component null
2025-11-08 14:40:21,228 [WARN] ModelIntegratedComponent:63 - No mode defined for component null
2025-11-08 14:40:21,230 [WARN] ModelIntegratedComponent:63 - No mode defined for component null
2025-11-08 14:40:21,232 [WARN] ModelIntegratedComponent:63 - No mode defined for component null
2025-11-08 14:40:21,234 [WARN] ModelIntegratedComponent:63 - No mode defined for component null
2025-11-08 14:40:21,236 [WARN] ModelIntegratedComponent:63 - No mode defined for component null
2025-11-08 14:40:21,238 [WARN] ModelIntegratedComponent:63 - No mode defined for component null
2025-11-08 14:40:21,241 [WARN] ModelIntegratedComponent:63 - No mode defined for component null
2025-11-08 14:40:21,242 [WARN] ModelIntegratedComponent:63 - No mode defined for component null
2025-11-08 14:40:21,244 [WARN] ModelIntegratedComponent:63 - No mode defined for component null
2025-11-08 14:40:21,246 [WARN] ModelIntegratedComponent:63 - No mode defined for component null
2025-11-08 14:40:21,248 [WARN] ModelIntegratedComponent:63 - No mode defined for component null
2025-11-08 14:40:21,250 [WARN] ModelIntegratedComponent:63 - No mode defined for component null
2025-11-08 14:40:21,252 [WARN] ModelIntegratedComponent:63 - No mode defined for component null
2025-11-08 14:40:21,255 [WARN] ModelIntegratedComponent:63 - No mode defined for component null
2025-11-08 14:40:21,257 [WARN] ModelIntegratedComponent:63 - No mode defined for component null
2025-11-08 14:40:21,259 [WARN] ModelPack:524 - Component already loaded: STMicroelectronics:HAL Drivers:0.0.0:STMicroelectronics:Device:STMicro_Driver:XSPI:HAL::0.0.1:HAL_XSPI
2025-11-08 14:40:21,345 [INFO] ThirdPartyModel:298 - Start build external matchings
2025-11-08 14:40:21,735 [INFO] ThirdPartyModel:316 - End build external matchings
2025-11-08 14:40:21,757 [INFO] ImportTextPane:234 - (OptionalMessage_ERROR) IP (DMA) : Parameter (Instance) has Id (USART1_RX) currently not set
2025-11-08 14:40:21,760 [INFO] ImportTextPane:234 - (OptionalMessage_ERROR) IP (DMA) : Parameter (Request) has Id (USART1_RX) currently not set
2025-11-08 14:40:21,763 [INFO] ImportTextPane:234 - (OptionalMessage_ERROR) IP (DMA) : Parameter (Direction) has Id (USART1_RX) currently not set
2025-11-08 14:40:21,764 [INFO] ImportTextPane:234 - (OptionalMessage_ERROR) IP (DMA) : Parameter (PeriphInc) has Id (USART1_RX) currently not set
2025-11-08 14:40:21,766 [INFO] ImportTextPane:234 - (OptionalMessage_ERROR) IP (DMA) : Parameter (MemInc) has Id (USART1_RX) currently not set
2025-11-08 14:40:21,769 [INFO] ImportTextPane:234 - (OptionalMessage_ERROR) IP (DMA) : Parameter (PeriphDataAlignment) has Id (USART1_RX) currently not set
2025-11-08 14:40:21,771 [INFO] ImportTextPane:234 - (OptionalMessage_ERROR) IP (DMA) : Parameter (MemDataAlignment) has Id (USART1_RX) currently not set
2025-11-08 14:40:21,776 [INFO] ImportTextPane:234 - (OptionalMessage_ERROR) IP (DMA) : Parameter (Mode) has Id (USART1_RX) currently not set
2025-11-08 14:40:21,778 [INFO] ImportTextPane:234 - (OptionalMessage_ERROR) IP (DMA) : Parameter (Priority) has Id (USART1_RX) currently not set
2025-11-08 14:40:21,780 [INFO] ImportTextPane:234 - (OptionalMessage_ERROR) IP (DMA) : Parameter (SignalID) has Id (USART1_RX) currently not set
2025-11-08 14:40:21,784 [INFO] ImportTextPane:234 - (OptionalMessage_ERROR) IP (DMA) : Parameter (Polarity) has Id (USART1_RX) currently not set
2025-11-08 14:40:21,786 [INFO] ImportTextPane:234 - (OptionalMessage_ERROR) IP (DMA) : Parameter (RequestNumber) has Id (USART1_RX) currently not set
2025-11-08 14:40:21,789 [INFO] ImportTextPane:234 - (OptionalMessage_ERROR) IP (DMA) : Parameter (SyncSignalID) has Id (USART1_RX) currently not set
2025-11-08 14:40:21,793 [INFO] ImportTextPane:234 - (OptionalMessage_ERROR) IP (DMA) : Parameter (SyncPolarity) has Id (USART1_RX) currently not set
2025-11-08 14:40:21,795 [INFO] ImportTextPane:234 - (OptionalMessage_ERROR) IP (DMA) : Parameter (SyncEnable) has Id (USART1_RX) currently not set
2025-11-08 14:40:21,797 [INFO] ImportTextPane:234 - (OptionalMessage_ERROR) IP (DMA) : Parameter (EventEnable) has Id (USART1_RX) currently not set
2025-11-08 14:40:21,801 [INFO] ImportTextPane:234 - (OptionalMessage_ERROR) IP (DMA) : Parameter (SyncRequestNumber) has Id (USART1_RX) currently not set
2025-11-08 14:40:22,511 [INFO] ApiDb:581 - Connected to CubeFinder SQLite database (C:\Users\wenbox\.stmcufinder\plugins\mcufinder\mcu\cube-finder-db.db)
2025-11-08 14:40:22,602 [INFO] ApiDb:668 - CubeFinder database Data Model version=2.1
2025-11-08 14:40:22,604 [INFO] ApiDb:669 - CubeFinder database Configuration version=3.0.39
2025-11-08 14:40:22,608 [INFO] ApiDb:670 - CubeFinder database generation date=2025-10-27 (1761571959)
2025-11-08 14:40:22,610 [INFO] ApiDb:671 - CubeFinder database FW Pack versions=[FP-ATR-ASTRA1_V2.0.0, FP-SNS-FLIGHT1_V5.1.0, FP-SNS-MOTENV1_V5.0.0, FP-SNS-MOTENVWB1_V1.4.0, FP-SNS-SMARTAG2_V1.2.0, FP-SNS-STBOX1_V2.1.0, STM32Cube_FW_C0_V1.4.0, STM32Cube_FW_F4_V1.28.3, STM32Cube_FW_F7_V1.17.4, STM32Cube_FW_G0_V1.6.2, STM32Cube_FW_G4_V1.6.1, STM32Cube_FW_H5_V1.5.0, STM32Cube_FW_H7RS_V1.2.0, STM32Cube_FW_H7_V1.12.1, STM32Cube_FW_L0_V1.12.2, STM32Cube_FW_L4_V1.18.1, STM32Cube_FW_L5_V1.5.1, STM32Cube_FW_N6_V1.2.0, STM32Cube_FW_U0_V1.3.0, STM32Cube_FW_U3_V1.2.1, STM32Cube_FW_U5_V1.8.0, STM32Cube_FW_WB0_V1.3.0, STM32Cube_FW_WBA_V1.7.0, STM32Cube_FW_WB_V1.23.0, STM32Cube_FW_WL3_V1.2.0, STM32Cube_FW_WL_V1.3.1, X-CUBE-ALGOBUILD_V1.4.0, X-CUBE-ALS_V1.0.2, X-CUBE-AZRTOS-F4_V1.1.0, X-CUBE-AZRTOS-F7_V1.1.0, X-CUBE-AZRTOS-G0_V1.1.0, X-CUBE-AZRTOS-G4_V2.0.0, X-CUBE-AZRTOS-H7RS_V1.1.0, X-CUBE-AZRTOS-H7_V3.4.0, X-CUBE-AZRTOS-L4_V2.0.0, X-CUBE-AZRTOS-L5_V2.0.0, X-CUBE-AZRTOS-WB_V2.0.0, X-CUBE-AZRTOS-WL_V2.0.0, X-CUBE-BLE1_V7.1.0, X-CUBE-BLE2_V3.3.0, X-CUBE-BLEMGR_V4.1.0, X-CUBE-EEPRMA1_V5.2.0, X-CUBE-FREERTOS_V1.3.1, X-CUBE-GNSS1_V6.0.0, X-CUBE-MEMS1_V11.3.0, X-CUBE-NFC4_V3.0.0, X-CUBE-NFC7_V2.0.0, X-CUBE-SFXS2LP1_V4.0.0, X-CUBE-ST67W61_V1.1.0, X-CUBE-SUBG2_V5.0.0, X-CUBE-TOF1_V3.4.3]
2025-11-08 14:40:22,680 [INFO] DbBoardsSqlite:226 - include board P-NUCLEO-WB55-NUCLEO as a kit item of type 'Nucleo-64'
2025-11-08 14:40:22,684 [INFO] DbBoardsSqlite:226 - include board P-NUCLEO-WB55-USBDONGLE as a kit item of type 'Nucleo USB Dongle'
2025-11-08 14:40:22,686 [INFO] DbBoardsSqlite:226 - include board STEVAL-IDP005V1 as a kit item of type 'Evaluation Board'
2025-11-08 14:40:22,688 [INFO] DbBoardsSqlite:226 - include board STEVAL-IDP005V2 as a kit item of type 'Evaluation Board'
2025-11-08 14:40:22,767 [INFO] ApiDb:240 - Found 880 in-development CPN: [B-G473E-ZEST1S, B-WB1M-WPAN1, B-WBA5M-WPAN, B-WL5M-SUBG1, NUCLEO-C031C6, NUCLEO-C051C8, NUCLEO-C071RB, NUCLEO-C092RC, NUCLEO-H503RB, NUCLEO-H533RE, NUCLEO-H563ZI, NUCLEO-H7S3L8, NUCLEO-N657X0-Q, NUCLEO-U031R8, NUCLEO-U083RC, NUCLEO-U385RG-Q, NUCLEO-U545RE-Q, NUCLEO-U5A5ZJ-Q, NUCLEO-WB05KZ, NUCLEO-WB07CC, NUCLEO-WB09KE, NUCLEO-WBA52CG, NUCLEO-WBA55CG, NUCLEO-WL33CC1, NUCLEO-WL33CC2, STEVAL-PROTEUS1, STEVAL-SMARTAG2, STEVAL-STWINBX1, STM320518-EVAL, STM32C0116-DK, STM32C011D6Y3TR, STM32C011D6Y6TR, STM32C011F4P3, STM32C011F4P6, STM32C011F4U3, STM32C011F4U6TR, STM32C011F6P3, STM32C011F6P6, STM32C011F6U3, STM32C011F6U6TR, STM32C011J4M3, STM32C011J4M6, STM32C011J6M3, STM32C011J6M6, STM32C0316-DK, STM32C031C4T3, STM32C031C4T6, STM32C031C4U3, STM32C031C4U6, STM32C031C6T3, STM32C031C6T6, STM32C031C6U3, STM32C031C6U6, STM32C031F4P3, STM32C031F4P6, STM32C031F6P3, STM32C031F6P6, STM32C031G4U3, STM32C031G4U6, STM32C031G6U3, STM32C031G6U6, STM32C031K4T3, STM32C031K4T6, STM32C031K4U3, STM32C031K4U6, STM32C031K6T3, STM32C031K6T6, STM32C031K6U3, STM32C031K6U6, STM32C051C6T6, STM32C051C6U6, STM32C051C8T6, STM32C051C8U6, STM32C051D8Y6TR, STM32C051F6P6, STM32C051F8P6, STM32C051G6U6, STM32C051G8U6, STM32C051K6T6, STM32C051K6U6, STM32C051K8T6, STM32C071C8T6, STM32C071C8T6N, STM32C071C8U6, STM32C071C8U6N, STM32C071CBT6, STM32C071CBT6N, STM32C071CBU6, STM32C071CBU6N, STM32C071F8P6, STM32C071F8P6N, STM32C071FBP6, STM32C071FBP6N, STM32C071FBY6TR, STM32C071G8U6, STM32C071G8U6N, STM32C071GBU6, STM32C071GBU6N, STM32C071K8T6, STM32C071K8T6N, STM32C071K8U6, STM32C071K8U6N, STM32C071KBT6, STM32C071KBT6N, STM32C071KBU6, STM32C071KBU6N, STM32C071R8T6, STM32C071R8T6N, STM32C071RBI6N, STM32C071RBT6, STM32C071RBT6N, STM32C091CBT6, STM32C091CBU6, STM32C091CCT6, STM32C091CCU6, STM32C091ECY6TR, STM32C091FBP6, STM32C091FCP6, STM32C091GBU6, STM32C091GCU6, STM32C091KBT6, STM32C091KBU6, STM32C091KCT6, STM32C091KCU6, STM32C091RBT6, STM32C091RCI6, STM32C091RCT6, STM32C092CBT6, STM32C092CBU6, STM32C092CCT6, STM32C092CCU6, STM32C092ECY6TR, STM32C092FBP6, STM32C092FCP6, STM32C092GBU6, STM32C092GCU6, STM32C092KBT6, STM32C092KBU6, STM32C092KCT6, STM32C092KCU6, STM32C092RBT6, STM32C092RCI6, STM32C092RCT6, STM32G071K8TXN, STM32G071K8UXN, STM32G081GBU6N, STM32G081KBT6N, STM32G081KBUXN, STM32G0B1CCT6N, STM32G0B1KCT6, STM32G0B1NEY6TR, STM32G0B1RCT6N, STM32G0C1CCT6, STM32G0C1CCT6N, STM32G0C1CCU6N, STM32G0C1CET6N, STM32G0C1CEU6N, STM32G0C1KCT6, STM32G0C1NEY6TR, STM32G0C1RCI6N, STM32G0C1RCT6N, STM32G0C1REI6N, STM32G0C1RET6N, STM32G0C1VCI6, STM32G0C1VEI6, STM32G411C6T3, STM32G411C6T6, STM32G411C6U3, STM32G411C6U6, STM32G411C8T3, STM32G411C8T6, STM32G411C8U3, STM32G411C8U6, STM32G411CBT3, STM32G411CBT6, STM32G411CBU3, STM32G411CBU6, STM32G411K6T3, STM32G411K6T6, STM32G411K6U3, STM32G411K6U6, STM32G411K8T3, STM32G411K8T6, STM32G411K8U3, STM32G411K8U6, STM32G411KBT3, STM32G411KBT6, STM32G411KBU3, STM32G411KBU6, STM32G411M6T3, STM32G411M6T6, STM32G411M8T3, STM32G411M8T6, STM32G411MBT3, STM32G411MBT6, STM32G411R6T3, STM32G411R6T6, STM32G411R8T3, STM32G411R8T6, STM32G411RBT3, STM32G411RBT6, STM32G414CBT3, STM32G414CBT6, STM32G414CBU3, STM32G414CBU6, STM32G414CCT3, STM32G414CCT6, STM32G414CCU3, STM32G414CCU6, STM32G414MBT3, STM32G414MBT6, STM32G414MCT3, STM32G414MCT6, STM32G414RBT3, STM32G414RBT6, STM32G414RCT3, STM32G414RCT6, STM32G414VBT3, STM32G414VBT6, STM32G414VCT3, STM32G414VCT6, STM32G431CBT3Z, STM32G431RBT3Z, STM32G471CCT6, STM32G471CCU6, STM32G471CET3, STM32G471CET6, STM32G471CEU3, STM32G471CEU6, STM32G471MCT6, STM32G471MET3, STM32G471MET6, STM32G471MEY6TR, STM32G471QCT6, STM32G471QET3, STM32G471RCT6, STM32G471RET3, STM32G471RET6, STM32G471VCH6, STM32G471VCI6, STM32G471VCT6, STM32G471VEH3, STM32G471VEH6, STM32G471VEI3, STM32G471VEI6, STM32G471VET3, STM32G471VET6, STM32G473QET3Z, STM32G473RET3Z, STM32G474CCT6, STM32G491RET3Z, STM32H503CBT6, STM32H503CBU6, STM32H503EBY6TR, STM32H503KBU6, STM32H503RBT6, STM32H523CCT6, STM32H523CCU6, STM32H523CET6, STM32H523CEU6, STM32H523HEY6TR, STM32H523RCT6, STM32H523RET6, STM32H523VCI6, STM32H523VCT6, STM32H523VEI6, STM32H523VET6, STM32H523ZCJ6, STM32H523ZCT6, STM32H523ZEJ6, STM32H523ZET6, STM32H533CET6, STM32H533CEU6, STM32H533HEY6TR, STM32H533RET6, STM32H533VEI6, STM32H533VET6, STM32H533ZEJ6, STM32H533ZET6, STM32H562AGI6, STM32H562AII6, STM32H562IGK6, STM32H562IGT6, STM32H562IIK6, STM32H562IIT6, STM32H562RGT6, STM32H562RGV6, STM32H562RIT6, STM32H562RIV6, STM32H562VGT6, STM32H562VIT6, STM32H562ZGT6, STM32H562ZIT6, STM32H563AGI6, STM32H563AII3Q, STM32H563AII6, STM32H563IGK6, STM32H563IGT6, STM32H563IIK3Q, STM32H563IIK6, STM32H563IIT3Q, STM32H563IIT6, STM32H563MIY3QTR, STM32H563RGT6, STM32H563RGV6, STM32H563RIT6, STM32H563RIV6, STM32H563VGT6, STM32H563VIT3Q, STM32H563VIT6, STM32H563ZGT6, STM32H563ZIT3Q, STM32H563ZIT6, STM32H573AII3Q, STM32H573AII6, STM32H573I-DK, STM32H573IIK3Q, STM32H573IIK6, STM32H573IIT3Q, STM32H573IIT6, STM32H573MIY3QTR, STM32H573RIT6, STM32H573RIV6, STM32H573VIT3Q, STM32H573VIT6, STM32H573ZIT3Q, STM32H573ZIT6, STM32H7R3A8I6, STM32H7R3I8K6, STM32H7R3I8T6, STM32H7R3L8H6, STM32H7R3L8H6H, STM32H7R3R8V6, STM32H7R3V8H6, STM32H7R3V8T6, STM32H7R3V8Y6TR, STM32H7R3Z8J6, STM32H7R3Z8T6, STM32H7R7A8I6, STM32H7R7I8K6, STM32H7R7I8T6, STM32H7R7L8H6, STM32H7R7L8H6H, STM32H7R7Z8J6, STM32H7S3A8I6, STM32H7S3I8K6, STM32H7S3I8T6, STM32H7S3L8H6, STM32H7S3L8H6H, STM32H7S3R8V6, STM32H7S3V8H6, STM32H7S3V8T6, STM32H7S3V8Y6TR, STM32H7S3Z8J6, STM32H7S3Z8T6, STM32H7S78-DK, STM32H7S7A8I6, STM32H7S7I8K6, STM32H7S7I8T6, STM32H7S7L8H6, STM32H7S7L8H6H, STM32H7S7Z8J6, STM32L4R5QGI6STR, STM32MP131AAE3, STM32MP131AAF3, STM32MP131AAG3, STM32MP131CAE3, STM32MP131CAF3, STM32MP131CAG3, STM32MP131DAE7, STM32MP131DAF7, STM32MP131DAG7, STM32MP131FAE7, STM32MP131FAF7, STM32MP131FAG7, STM32MP133AAE3, STM32MP133AAF3, STM32MP133AAG3, STM32MP133CAE3, STM32MP133CAF3, STM32MP133CAG3, STM32MP133DAE7, STM32MP133DAF7, STM32MP133DAG7, STM32MP133FAE7, STM32MP133FAF7, STM32MP133FAG7, STM32MP135AAE3, STM32MP135AAF3, STM32MP135AAG3, STM32MP135CAE3, STM32MP135CAF3, STM32MP135CAG3, STM32MP135DAE7, STM32MP135DAF7, STM32MP135DAG7, STM32MP135F-DK, STM32MP135FAE7, STM32MP135FAF7, STM32MP135FAF7T, STM32MP135FAF7U, STM32MP135FAG7, STM32MP211AAL3, STM32MP211AAM3, STM32MP211AAN3, STM32MP211AAO3, STM32MP211CAL3, STM32MP211CAM3, STM32MP211CAN3, STM32MP211CAO3, STM32MP211DAL3, STM32MP211DAM3, STM32MP211DAN3, STM32MP211DAO3, STM32MP211FAL3, STM32MP211FAM3, STM32MP211FAN3, STM32MP211FAO3, STM32MP213AAL3, STM32MP213AAM3, STM32MP213AAN3, STM32MP213AAO3, STM32MP213CAL3, STM32MP213CAM3, STM32MP213CAN3, STM32MP213CAO3, STM32MP213DAL3, STM32MP213DAM3, STM32MP213DAN3, STM32MP213DAO3, STM32MP213FAL3, STM32MP213FAM3, STM32MP213FAN3, STM32MP213FAO3, STM32MP215AAL3, STM32MP215AAM3, STM32MP215AAN3, STM32MP215AAO3, STM32MP215CAL3, STM32MP215CAM3, STM32MP215CAN3, STM32MP215CAO3, STM32MP215DAL3, STM32MP215DAM3, STM32MP215DAN3, STM32MP215DAO3, STM32MP215F-DK, STM32MP215FAL3, STM32MP215FAM3, STM32MP215FAN3, STM32MP215FAO3, STM32MP231AAJ3, STM32MP231AAK3, STM32MP231AAL3, STM32MP231CAJ3, STM32MP231CAK3, STM32MP231CAL3, STM32MP231DAJ3, STM32MP231DAK3, STM32MP231DAL3, STM32MP231FAJ3, STM32MP231FAK3, STM32MP231FAL3, STM32MP233AAJ3, STM32MP233AAK3, STM32MP233AAL3, STM32MP233CAJ3, STM32MP233CAK3, STM32MP233CAL3, STM32MP233DAJ3, STM32MP233DAK3, STM32MP233DAL3, STM32MP233FAJ3, STM32MP233FAK3, STM32MP233FAL3, STM32MP235AAJ3, STM32MP235AAK3, STM32MP235AAL3, STM32MP235CAJ3, STM32MP235CAK3, STM32MP235CAL3, STM32MP235DAJ3, STM32MP235DAK3, STM32MP235DAL3, STM32MP235FAJ3, STM32MP235FAK3, STM32MP235FAL3, STM32MP251AAI3, STM32MP251AAK3, STM32MP251AAL3, STM32MP251CAI3, STM32MP251CAK3, STM32MP251CAL3, STM32MP251DAI3, STM32MP251DAK3, STM32MP251DAL3, STM32MP251FAI3, STM32MP251FAK3, STM32MP251FAL3, STM32MP253AAI3, STM32MP253AAK3, STM32MP253AAL3, STM32MP253CAI3, STM32MP253CAK3, STM32MP253CAL3, STM32MP253DAI3, STM32MP253DAK3, STM32MP253DAL3, STM32MP253FAI3, STM32MP253FAK3, STM32MP253FAL3, STM32MP255AAI3, STM32MP255AAK3, STM32MP255AAL3, STM32MP255CAI3, STM32MP255CAK3, STM32MP255CAL3, STM32MP255DAI3, STM32MP255DAK3, STM32MP255DAL3, STM32MP255FAI3, STM32MP255FAK3, STM32MP255FAL3, STM32MP257AAI3, STM32MP257AAK3, STM32MP257AAL3, STM32MP257CAI3, STM32MP257CAK3, STM32MP257CAL3, STM32MP257DAI3, STM32MP257DAK3, STM32MP257DAL3, STM32MP257F-DK, STM32MP257F-EV1, STM32MP257FAI3, STM32MP257FAK3, STM32MP257FAL3, STM32N645A0H3Q, STM32N645B0H3Q, STM32N645I0H3Q, STM32N645L0H3Q, STM32N645X0H3Q, STM32N645Z0H3Q, STM32N647A0H3Q, STM32N647B0H3Q, STM32N647I0H3Q, STM32N647L0H3Q, STM32N647X0H3Q, STM32N647Z0H3Q, STM32N655A0H3Q, STM32N655B0H3Q, STM32N655I0H3Q, STM32N655L0H3Q, STM32N655X0H3Q, STM32N655Z0H3Q, STM32N6570-DK, STM32N657A0H3Q, STM32N657B0H3Q, STM32N657I0H3Q, STM32N657L0H3Q, STM32N657X0H3Q, STM32N657Z0H3Q, STM32U031C6T6, STM32U031C6U6, STM32U031C8T6, STM32U031C8U6, STM32U031F4P6, STM32U031F6P6, STM32U031F8P6, STM32U031G6Y6TR, STM32U031G8Y6TR, STM32U031K4U6, STM32U031K6U6, STM32U031K8U6, STM32U031R6I6, STM32U031R6T6, STM32U031R8I6, STM32U031R8T6, STM32U073C8T6, STM32U073C8U6, STM32U073CBT6, STM32U073CBU6, STM32U073CCT6, STM32U073CCU6, STM32U073H8Y6TR, STM32U073HBY6TR, STM32U073HCY6TR, STM32U073K8U6, STM32U073KBU6, STM32U073KCU6, STM32U073M8I6, STM32U073M8T6, STM32U073MBI6, STM32U073MBT6, STM32U073MCI6, STM32U073MCT6, STM32U073R8I6, STM32U073R8T6, STM32U073RBI6, STM32U073RBT6, STM32U073RCI6, STM32U073RCT6, STM32U083C-DK, STM32U083CCT6, STM32U083CCU6, STM32U083HCY6TR, STM32U083KCU6, STM32U083MCI6, STM32U083MCT6, STM32U083RCI6, STM32U083RCT6, STM32U375CET6, STM32U375CET6Q, STM32U375CEU6, STM32U375CEU6Q, STM32U375CEY6QTR, STM32U375CGT6, STM32U375CGT6Q, STM32U375CGU6, STM32U375CGU6Q, STM32U375CGY6QTR, STM32U375KEU6, STM32U375KGU6, STM32U375REI6, STM32U375REI6Q, STM32U375RET6, STM32U375RET6Q, STM32U375REY6GTR, STM32U375REY6QTR, STM32U375RGI6, STM32U375RGI6Q, STM32U375RGT6, STM32U375RGT6Q, STM32U375RGY6GTR, STM32U375RGY6QTR, STM32U375VEI6, STM32U375VEI6Q, STM32U375VET6, STM32U375VET6Q, STM32U375VGI6, STM32U375VGI6Q, STM32U375VGT6, STM32U375VGT6Q, STM32U385CGT6, STM32U385CGT6Q, STM32U385CGU6, STM32U385CGU6Q, STM32U385CGY6QTR, STM32U385KGU6, STM32U385RGI6, STM32U385RGI6Q, STM32U385RGT6, STM32U385RGT6Q, STM32U385RGY6GTR, STM32U385RGY6QTR, STM32U385VGI6, STM32U385VGI6Q, STM32U385VGT6, STM32U385VGT6Q, STM32U535CBT6, STM32U535CBT6Q, STM32U535CBU6, STM32U535CBU6Q, STM32U535CCT6, STM32U535CCT6Q, STM32U535CCU6, STM32U535CCU6Q, STM32U535CET6, STM32U535CET6Q, STM32U535CEU6, STM32U535CEU6Q, STM32U535JEY6QTR, STM32U535NCY6QTR, STM32U535NEY6QTR, STM32U535RBI6, STM32U535RBI6Q, STM32U535RBT6, STM32U535RBT6Q, STM32U535RCI6, STM32U535RCI6Q, STM32U535RCT6, STM32U535RCT6Q, STM32U535REI6, STM32U535REI6Q, STM32U535RET6, STM32U535RET6Q, STM32U535VCI6, STM32U535VCI6Q, STM32U535VCT6, STM32U535VCT6Q, STM32U535VEI6, STM32U535VEI6Q, STM32U535VET6, STM32U535VET6Q, STM32U545CET6, STM32U545CET6Q, STM32U545CEU6, STM32U545CEU6Q, STM32U545JEY6QTR, STM32U545NEY6QTR, STM32U545REI6, STM32U545REI6Q, STM32U545RET6, STM32U545RET6Q, STM32U545VEI6, STM32U545VEI6Q, STM32U545VET6, STM32U545VET6Q, STM32U595AIH6, STM32U595AIH6Q, STM32U595AJH6, STM32U595AJH6Q, STM32U595QII6, STM32U595QII6Q, STM32U595QJI6, STM32U595QJI6Q, STM32U595RIT6, STM32U595RIT6Q, STM32U595RJT6, STM32U595RJT6Q, STM32U595VIT6, STM32U595VIT6Q, STM32U595VJT6, STM32U595VJT6Q, STM32U595ZIT6, STM32U595ZIT6Q, STM32U595ZIY6QTR, STM32U595ZJT6, STM32U595ZJT6Q, STM32U595ZJY6QTR, STM32U599BJY6QTR, STM32U599NIH6Q, STM32U599NJH6Q, STM32U599VIT6Q, STM32U599VJT6, STM32U599VJT6Q, STM32U599ZIT6Q, STM32U599ZIY6QTR, STM32U599ZJT6Q, STM32U599ZJY6QTR, STM32U5A5AJH6, STM32U5A5AJH6Q, STM32U5A5QII3Q , STM32U5A5QJI6, STM32U5A5QJI6Q, STM32U5A5RJT6, STM32U5A5RJT6Q, STM32U5A5VJT6, STM32U5A5VJT6Q, STM32U5A5ZJT6, STM32U5A5ZJT6Q, STM32U5A5ZJY6QTR, STM32U5A9BJY6QTR, STM32U5A9J-DK, STM32U5A9NJH6Q, STM32U5A9VJT6Q, STM32U5A9ZJT6Q, STM32U5A9ZJY6QTR, STM32U5F7VIT6, STM32U5F7VIT6Q, STM32U5F7VJT6, STM32U5F7VJT6Q, STM32U5F9BJY6QTR, STM32U5F9NJH6Q, STM32U5F9VIT6Q, STM32U5F9VJT6Q, STM32U5F9ZIJ6QTR, STM32U5F9ZIT6Q, STM32U5F9ZJJ6QTR, STM32U5F9ZJT6Q, STM32U5G7VJT6, STM32U5G7VJT6Q, STM32U5G9BJY6QTR, STM32U5G9J-DK1, STM32U5G9J-DK2, STM32U5G9NJH6Q, STM32U5G9VJT6Q, STM32U5G9ZJJ6QTR, STM32U5G9ZJT6Q, STM32WB05KZV6TR, STM32WB05KZV7TR, STM32WB05TZF6TR, STM32WB05TZF7TR, STM32WB06CCF6TR, STM32WB06CCF7TR, STM32WB06CCV6TR, STM32WB06CCV7TR, STM32WB06KCV6TR, STM32WB06KCV7TR, STM32WB07CCF6TR, STM32WB07CCF7TR, STM32WB07CCV6TR, STM32WB07CCV7TR, STM32WB07KCV6TR, STM32WB07KCV7TR, STM32WB09KEV6TR, STM32WB09KEV7TR, STM32WB09TEF6TR, STM32WB09TEF7TR, STM32WB1MMCH6, STM32WBA50KGU6, STM32WBA50KGU6TR, STM32WBA52CEU6, STM32WBA52CEU6TR, STM32WBA52CEU7, STM32WBA52CEU7TR, STM32WBA52CGU6, STM32WBA52CGU6TR, STM32WBA52CGU6U, STM32WBA52CGU7, STM32WBA52CGU7TR, STM32WBA52KEU6, STM32WBA52KEU6TR, STM32WBA52KGU6, STM32WBA52KGU6TR, STM32WBA54CEU6, STM32WBA54CEU6TR, STM32WBA54CEU7, STM32WBA54CEU7TR, STM32WBA54CGU6, STM32WBA54CGU6TR, STM32WBA54CGU7, STM32WBA54CGU7TR, STM32WBA54KEU6, STM32WBA54KEU6TR, STM32WBA54KEU7, STM32WBA54KEU7TR, STM32WBA54KGU6, STM32WBA54KGU6TR, STM32WBA54KGU7, STM32WBA54KGU7TR, STM32WBA55CEU6, STM32WBA55CEU6TR, STM32WBA55CEU7, STM32WBA55CEU7TR, STM32WBA55CGU6, STM32WBA55CGU6TR, STM32WBA55CGU6U, STM32WBA55CGU7, STM32WBA55CGU7TR, STM32WBA55G-DK1, STM32WBA55HEF6, STM32WBA55HEF7, STM32WBA55HGF6, STM32WBA55HGF7, STM32WBA55UEI6, STM32WBA55UEI6TR, STM32WBA55UEI7, STM32WBA55UEI7TR, STM32WBA55UGI6, STM32WBA55UGI6TR, STM32WBA55UGI7, STM32WBA55UGI7TR, STM32WBA5MMGH6TR, STM32WBA62MGF6, STM32WBA62MIF6, STM32WBA65MGF7, STM32WBA65MIF6, STM32WBA65MIF7, STM32WL30K8V6, STM32WL30KBV6, STM32WL31C8V6, STM32WL31CBV6, STM32WL31K8V6, STM32WL31KBV6, STM32WL33C8V6, STM32WL33C8V6X, STM32WL33CBV6, STM32WL33CBV6X, STM32WL33CCV6, STM32WL33CCV6A, STM32WL33CCV6X, STM32WL33K8V7, STM32WL33K8V7X, STM32WL33KBV7 , STM32WL33KBV7X, STM32WL33KCV7, STM32WL33KCV7X, STM32WL5MOCH6, STM32WL5MOCH6TR]
2025-11-08 14:40:23,061 [INFO] BoardInfo:889 - No configuration file found for board P-NUCLEO-WB55
2025-11-08 14:40:23,066 [INFO] DbBoards:161 - Kit is not supported: P-NUCLEO-WB55
2025-11-08 14:40:23,079 [INFO] BoardInfo:889 - No configuration file found for board STEVAL-BFA001V1B
2025-11-08 14:40:23,085 [INFO] DbBoards:161 - Kit is not supported: STEVAL-BFA001V1B
2025-11-08 14:40:23,088 [INFO] BoardInfo:889 - No configuration file found for board STEVAL-BFA001V2B
2025-11-08 14:40:23,090 [INFO] DbBoards:161 - Kit is not supported: STEVAL-BFA001V2B
2025-11-08 14:40:23,421 [INFO] DbBoards:168 - Found 212 boards, 209 are supported
2025-11-08 14:40:23,424 [INFO] DbBoards:169 - Found 212 boards, 43 of them is supported for  Bsp
2025-11-08 14:40:23,429 [INFO] ApiDb:668 - CubeFinder database Data Model version=2.1
2025-11-08 14:40:23,432 [INFO] ApiDb:669 - CubeFinder database Configuration version=3.0.39
2025-11-08 14:40:23,435 [INFO] ApiDb:670 - CubeFinder database generation date=2025-10-27 (1761571959)
2025-11-08 14:40:23,439 [INFO] ApiDb:671 - CubeFinder database FW Pack versions=[FP-ATR-ASTRA1_V2.0.0, FP-SNS-FLIGHT1_V5.1.0, FP-SNS-MOTENV1_V5.0.0, FP-SNS-MOTENVWB1_V1.4.0, FP-SNS-SMARTAG2_V1.2.0, FP-SNS-STBOX1_V2.1.0, STM32Cube_FW_C0_V1.4.0, STM32Cube_FW_F4_V1.28.3, STM32Cube_FW_F7_V1.17.4, STM32Cube_FW_G0_V1.6.2, STM32Cube_FW_G4_V1.6.1, STM32Cube_FW_H5_V1.5.0, STM32Cube_FW_H7RS_V1.2.0, STM32Cube_FW_H7_V1.12.1, STM32Cube_FW_L0_V1.12.2, STM32Cube_FW_L4_V1.18.1, STM32Cube_FW_L5_V1.5.1, STM32Cube_FW_N6_V1.2.0, STM32Cube_FW_U0_V1.3.0, STM32Cube_FW_U3_V1.2.1, STM32Cube_FW_U5_V1.8.0, STM32Cube_FW_WB0_V1.3.0, STM32Cube_FW_WBA_V1.7.0, STM32Cube_FW_WB_V1.23.0, STM32Cube_FW_WL3_V1.2.0, STM32Cube_FW_WL_V1.3.1, X-CUBE-ALGOBUILD_V1.4.0, X-CUBE-ALS_V1.0.2, X-CUBE-AZRTOS-F4_V1.1.0, X-CUBE-AZRTOS-F7_V1.1.0, X-CUBE-AZRTOS-G0_V1.1.0, X-CUBE-AZRTOS-G4_V2.0.0, X-CUBE-AZRTOS-H7RS_V1.1.0, X-CUBE-AZRTOS-H7_V3.4.0, X-CUBE-AZRTOS-L4_V2.0.0, X-CUBE-AZRTOS-L5_V2.0.0, X-CUBE-AZRTOS-WB_V2.0.0, X-CUBE-AZRTOS-WL_V2.0.0, X-CUBE-BLE1_V7.1.0, X-CUBE-BLE2_V3.3.0, X-CUBE-BLEMGR_V4.1.0, X-CUBE-EEPRMA1_V5.2.0, X-CUBE-FREERTOS_V1.3.1, X-CUBE-GNSS1_V6.0.0, X-CUBE-MEMS1_V11.3.0, X-CUBE-NFC4_V3.0.0, X-CUBE-NFC7_V2.0.0, X-CUBE-SFXS2LP1_V4.0.0, X-CUBE-ST67W61_V1.1.0, X-CUBE-SUBG2_V5.0.0, X-CUBE-TOF1_V3.4.3]
2025-11-08 14:40:25,702 [INFO] ApiDb:240 - Found 880 in-development CPN: [B-G473E-ZEST1S, B-WB1M-WPAN1, B-WBA5M-WPAN, B-WL5M-SUBG1, NUCLEO-C031C6, NUCLEO-C051C8, NUCLEO-C071RB, NUCLEO-C092RC, NUCLEO-H503RB, NUCLEO-H533RE, NUCLEO-H563ZI, NUCLEO-H7S3L8, NUCLEO-N657X0-Q, NUCLEO-U031R8, NUCLEO-U083RC, NUCLEO-U385RG-Q, NUCLEO-U545RE-Q, NUCLEO-U5A5ZJ-Q, NUCLEO-WB05KZ, NUCLEO-WB07CC, NUCLEO-WB09KE, NUCLEO-WBA52CG, NUCLEO-WBA55CG, NUCLEO-WL33CC1, NUCLEO-WL33CC2, STEVAL-PROTEUS1, STEVAL-SMARTAG2, STEVAL-STWINBX1, STM320518-EVAL, STM32C0116-DK, STM32C011D6Y3TR, STM32C011D6Y6TR, STM32C011F4P3, STM32C011F4P6, STM32C011F4U3, STM32C011F4U6TR, STM32C011F6P3, STM32C011F6P6, STM32C011F6U3, STM32C011F6U6TR, STM32C011J4M3, STM32C011J4M6, STM32C011J6M3, STM32C011J6M6, STM32C0316-DK, STM32C031C4T3, STM32C031C4T6, STM32C031C4U3, STM32C031C4U6, STM32C031C6T3, STM32C031C6T6, STM32C031C6U3, STM32C031C6U6, STM32C031F4P3, STM32C031F4P6, STM32C031F6P3, STM32C031F6P6, STM32C031G4U3, STM32C031G4U6, STM32C031G6U3, STM32C031G6U6, STM32C031K4T3, STM32C031K4T6, STM32C031K4U3, STM32C031K4U6, STM32C031K6T3, STM32C031K6T6, STM32C031K6U3, STM32C031K6U6, STM32C051C6T6, STM32C051C6U6, STM32C051C8T6, STM32C051C8U6, STM32C051D8Y6TR, STM32C051F6P6, STM32C051F8P6, STM32C051G6U6, STM32C051G8U6, STM32C051K6T6, STM32C051K6U6, STM32C051K8T6, STM32C071C8T6, STM32C071C8T6N, STM32C071C8U6, STM32C071C8U6N, STM32C071CBT6, STM32C071CBT6N, STM32C071CBU6, STM32C071CBU6N, STM32C071F8P6, STM32C071F8P6N, STM32C071FBP6, STM32C071FBP6N, STM32C071FBY6TR, STM32C071G8U6, STM32C071G8U6N, STM32C071GBU6, STM32C071GBU6N, STM32C071K8T6, STM32C071K8T6N, STM32C071K8U6, STM32C071K8U6N, STM32C071KBT6, STM32C071KBT6N, STM32C071KBU6, STM32C071KBU6N, STM32C071R8T6, STM32C071R8T6N, STM32C071RBI6N, STM32C071RBT6, STM32C071RBT6N, STM32C091CBT6, STM32C091CBU6, STM32C091CCT6, STM32C091CCU6, STM32C091ECY6TR, STM32C091FBP6, STM32C091FCP6, STM32C091GBU6, STM32C091GCU6, STM32C091KBT6, STM32C091KBU6, STM32C091KCT6, STM32C091KCU6, STM32C091RBT6, STM32C091RCI6, STM32C091RCT6, STM32C092CBT6, STM32C092CBU6, STM32C092CCT6, STM32C092CCU6, STM32C092ECY6TR, STM32C092FBP6, STM32C092FCP6, STM32C092GBU6, STM32C092GCU6, STM32C092KBT6, STM32C092KBU6, STM32C092KCT6, STM32C092KCU6, STM32C092RBT6, STM32C092RCI6, STM32C092RCT6, STM32G071K8TXN, STM32G071K8UXN, STM32G081GBU6N, STM32G081KBT6N, STM32G081KBUXN, STM32G0B1CCT6N, STM32G0B1KCT6, STM32G0B1NEY6TR, STM32G0B1RCT6N, STM32G0C1CCT6, STM32G0C1CCT6N, STM32G0C1CCU6N, STM32G0C1CET6N, STM32G0C1CEU6N, STM32G0C1KCT6, STM32G0C1NEY6TR, STM32G0C1RCI6N, STM32G0C1RCT6N, STM32G0C1REI6N, STM32G0C1RET6N, STM32G0C1VCI6, STM32G0C1VEI6, STM32G411C6T3, STM32G411C6T6, STM32G411C6U3, STM32G411C6U6, STM32G411C8T3, STM32G411C8T6, STM32G411C8U3, STM32G411C8U6, STM32G411CBT3, STM32G411CBT6, STM32G411CBU3, STM32G411CBU6, STM32G411K6T3, STM32G411K6T6, STM32G411K6U3, STM32G411K6U6, STM32G411K8T3, STM32G411K8T6, STM32G411K8U3, STM32G411K8U6, STM32G411KBT3, STM32G411KBT6, STM32G411KBU3, STM32G411KBU6, STM32G411M6T3, STM32G411M6T6, STM32G411M8T3, STM32G411M8T6, STM32G411MBT3, STM32G411MBT6, STM32G411R6T3, STM32G411R6T6, STM32G411R8T3, STM32G411R8T6, STM32G411RBT3, STM32G411RBT6, STM32G414CBT3, STM32G414CBT6, STM32G414CBU3, STM32G414CBU6, STM32G414CCT3, STM32G414CCT6, STM32G414CCU3, STM32G414CCU6, STM32G414MBT3, STM32G414MBT6, STM32G414MCT3, STM32G414MCT6, STM32G414RBT3, STM32G414RBT6, STM32G414RCT3, STM32G414RCT6, STM32G414VBT3, STM32G414VBT6, STM32G414VCT3, STM32G414VCT6, STM32G431CBT3Z, STM32G431RBT3Z, STM32G471CCT6, STM32G471CCU6, STM32G471CET3, STM32G471CET6, STM32G471CEU3, STM32G471CEU6, STM32G471MCT6, STM32G471MET3, STM32G471MET6, STM32G471MEY6TR, STM32G471QCT6, STM32G471QET3, STM32G471RCT6, STM32G471RET3, STM32G471RET6, STM32G471VCH6, STM32G471VCI6, STM32G471VCT6, STM32G471VEH3, STM32G471VEH6, STM32G471VEI3, STM32G471VEI6, STM32G471VET3, STM32G471VET6, STM32G473QET3Z, STM32G473RET3Z, STM32G474CCT6, STM32G491RET3Z, STM32H503CBT6, STM32H503CBU6, STM32H503EBY6TR, STM32H503KBU6, STM32H503RBT6, STM32H523CCT6, STM32H523CCU6, STM32H523CET6, STM32H523CEU6, STM32H523HEY6TR, STM32H523RCT6, STM32H523RET6, STM32H523VCI6, STM32H523VCT6, STM32H523VEI6, STM32H523VET6, STM32H523ZCJ6, STM32H523ZCT6, STM32H523ZEJ6, STM32H523ZET6, STM32H533CET6, STM32H533CEU6, STM32H533HEY6TR, STM32H533RET6, STM32H533VEI6, STM32H533VET6, STM32H533ZEJ6, STM32H533ZET6, STM32H562AGI6, STM32H562AII6, STM32H562IGK6, STM32H562IGT6, STM32H562IIK6, STM32H562IIT6, STM32H562RGT6, STM32H562RGV6, STM32H562RIT6, STM32H562RIV6, STM32H562VGT6, STM32H562VIT6, STM32H562ZGT6, STM32H562ZIT6, STM32H563AGI6, STM32H563AII3Q, STM32H563AII6, STM32H563IGK6, STM32H563IGT6, STM32H563IIK3Q, STM32H563IIK6, STM32H563IIT3Q, STM32H563IIT6, STM32H563MIY3QTR, STM32H563RGT6, STM32H563RGV6, STM32H563RIT6, STM32H563RIV6, STM32H563VGT6, STM32H563VIT3Q, STM32H563VIT6, STM32H563ZGT6, STM32H563ZIT3Q, STM32H563ZIT6, STM32H573AII3Q, STM32H573AII6, STM32H573I-DK, STM32H573IIK3Q, STM32H573IIK6, STM32H573IIT3Q, STM32H573IIT6, STM32H573MIY3QTR, STM32H573RIT6, STM32H573RIV6, STM32H573VIT3Q, STM32H573VIT6, STM32H573ZIT3Q, STM32H573ZIT6, STM32H7R3A8I6, STM32H7R3I8K6, STM32H7R3I8T6, STM32H7R3L8H6, STM32H7R3L8H6H, STM32H7R3R8V6, STM32H7R3V8H6, STM32H7R3V8T6, STM32H7R3V8Y6TR, STM32H7R3Z8J6, STM32H7R3Z8T6, STM32H7R7A8I6, STM32H7R7I8K6, STM32H7R7I8T6, STM32H7R7L8H6, STM32H7R7L8H6H, STM32H7R7Z8J6, STM32H7S3A8I6, STM32H7S3I8K6, STM32H7S3I8T6, STM32H7S3L8H6, STM32H7S3L8H6H, STM32H7S3R8V6, STM32H7S3V8H6, STM32H7S3V8T6, STM32H7S3V8Y6TR, STM32H7S3Z8J6, STM32H7S3Z8T6, STM32H7S78-DK, STM32H7S7A8I6, STM32H7S7I8K6, STM32H7S7I8T6, STM32H7S7L8H6, STM32H7S7L8H6H, STM32H7S7Z8J6, STM32L4R5QGI6STR, STM32MP131AAE3, STM32MP131AAF3, STM32MP131AAG3, STM32MP131CAE3, STM32MP131CAF3, STM32MP131CAG3, STM32MP131DAE7, STM32MP131DAF7, STM32MP131DAG7, STM32MP131FAE7, STM32MP131FAF7, STM32MP131FAG7, STM32MP133AAE3, STM32MP133AAF3, STM32MP133AAG3, STM32MP133CAE3, STM32MP133CAF3, STM32MP133CAG3, STM32MP133DAE7, STM32MP133DAF7, STM32MP133DAG7, STM32MP133FAE7, STM32MP133FAF7, STM32MP133FAG7, STM32MP135AAE3, STM32MP135AAF3, STM32MP135AAG3, STM32MP135CAE3, STM32MP135CAF3, STM32MP135CAG3, STM32MP135DAE7, STM32MP135DAF7, STM32MP135DAG7, STM32MP135F-DK, STM32MP135FAE7, STM32MP135FAF7, STM32MP135FAF7T, STM32MP135FAF7U, STM32MP135FAG7, STM32MP211AAL3, STM32MP211AAM3, STM32MP211AAN3, STM32MP211AAO3, STM32MP211CAL3, STM32MP211CAM3, STM32MP211CAN3, STM32MP211CAO3, STM32MP211DAL3, STM32MP211DAM3, STM32MP211DAN3, STM32MP211DAO3, STM32MP211FAL3, STM32MP211FAM3, STM32MP211FAN3, STM32MP211FAO3, STM32MP213AAL3, STM32MP213AAM3, STM32MP213AAN3, STM32MP213AAO3, STM32MP213CAL3, STM32MP213CAM3, STM32MP213CAN3, STM32MP213CAO3, STM32MP213DAL3, STM32MP213DAM3, STM32MP213DAN3, STM32MP213DAO3, STM32MP213FAL3, STM32MP213FAM3, STM32MP213FAN3, STM32MP213FAO3, STM32MP215AAL3, STM32MP215AAM3, STM32MP215AAN3, STM32MP215AAO3, STM32MP215CAL3, STM32MP215CAM3, STM32MP215CAN3, STM32MP215CAO3, STM32MP215DAL3, STM32MP215DAM3, STM32MP215DAN3, STM32MP215DAO3, STM32MP215F-DK, STM32MP215FAL3, STM32MP215FAM3, STM32MP215FAN3, STM32MP215FAO3, STM32MP231AAJ3, STM32MP231AAK3, STM32MP231AAL3, STM32MP231CAJ3, STM32MP231CAK3, STM32MP231CAL3, STM32MP231DAJ3, STM32MP231DAK3, STM32MP231DAL3, STM32MP231FAJ3, STM32MP231FAK3, STM32MP231FAL3, STM32MP233AAJ3, STM32MP233AAK3, STM32MP233AAL3, STM32MP233CAJ3, STM32MP233CAK3, STM32MP233CAL3, STM32MP233DAJ3, STM32MP233DAK3, STM32MP233DAL3, STM32MP233FAJ3, STM32MP233FAK3, STM32MP233FAL3, STM32MP235AAJ3, STM32MP235AAK3, STM32MP235AAL3, STM32MP235CAJ3, STM32MP235CAK3, STM32MP235CAL3, STM32MP235DAJ3, STM32MP235DAK3, STM32MP235DAL3, STM32MP235FAJ3, STM32MP235FAK3, STM32MP235FAL3, STM32MP251AAI3, STM32MP251AAK3, STM32MP251AAL3, STM32MP251CAI3, STM32MP251CAK3, STM32MP251CAL3, STM32MP251DAI3, STM32MP251DAK3, STM32MP251DAL3, STM32MP251FAI3, STM32MP251FAK3, STM32MP251FAL3, STM32MP253AAI3, STM32MP253AAK3, STM32MP253AAL3, STM32MP253CAI3, STM32MP253CAK3, STM32MP253CAL3, STM32MP253DAI3, STM32MP253DAK3, STM32MP253DAL3, STM32MP253FAI3, STM32MP253FAK3, STM32MP253FAL3, STM32MP255AAI3, STM32MP255AAK3, STM32MP255AAL3, STM32MP255CAI3, STM32MP255CAK3, STM32MP255CAL3, STM32MP255DAI3, STM32MP255DAK3, STM32MP255DAL3, STM32MP255FAI3, STM32MP255FAK3, STM32MP255FAL3, STM32MP257AAI3, STM32MP257AAK3, STM32MP257AAL3, STM32MP257CAI3, STM32MP257CAK3, STM32MP257CAL3, STM32MP257DAI3, STM32MP257DAK3, STM32MP257DAL3, STM32MP257F-DK, STM32MP257F-EV1, STM32MP257FAI3, STM32MP257FAK3, STM32MP257FAL3, STM32N645A0H3Q, STM32N645B0H3Q, STM32N645I0H3Q, STM32N645L0H3Q, STM32N645X0H3Q, STM32N645Z0H3Q, STM32N647A0H3Q, STM32N647B0H3Q, STM32N647I0H3Q, STM32N647L0H3Q, STM32N647X0H3Q, STM32N647Z0H3Q, STM32N655A0H3Q, STM32N655B0H3Q, STM32N655I0H3Q, STM32N655L0H3Q, STM32N655X0H3Q, STM32N655Z0H3Q, STM32N6570-DK, STM32N657A0H3Q, STM32N657B0H3Q, STM32N657I0H3Q, STM32N657L0H3Q, STM32N657X0H3Q, STM32N657Z0H3Q, STM32U031C6T6, STM32U031C6U6, STM32U031C8T6, STM32U031C8U6, STM32U031F4P6, STM32U031F6P6, STM32U031F8P6, STM32U031G6Y6TR, STM32U031G8Y6TR, STM32U031K4U6, STM32U031K6U6, STM32U031K8U6, STM32U031R6I6, STM32U031R6T6, STM32U031R8I6, STM32U031R8T6, STM32U073C8T6, STM32U073C8U6, STM32U073CBT6, STM32U073CBU6, STM32U073CCT6, STM32U073CCU6, STM32U073H8Y6TR, STM32U073HBY6TR, STM32U073HCY6TR, STM32U073K8U6, STM32U073KBU6, STM32U073KCU6, STM32U073M8I6, STM32U073M8T6, STM32U073MBI6, STM32U073MBT6, STM32U073MCI6, STM32U073MCT6, STM32U073R8I6, STM32U073R8T6, STM32U073RBI6, STM32U073RBT6, STM32U073RCI6, STM32U073RCT6, STM32U083C-DK, STM32U083CCT6, STM32U083CCU6, STM32U083HCY6TR, STM32U083KCU6, STM32U083MCI6, STM32U083MCT6, STM32U083RCI6, STM32U083RCT6, STM32U375CET6, STM32U375CET6Q, STM32U375CEU6, STM32U375CEU6Q, STM32U375CEY6QTR, STM32U375CGT6, STM32U375CGT6Q, STM32U375CGU6, STM32U375CGU6Q, STM32U375CGY6QTR, STM32U375KEU6, STM32U375KGU6, STM32U375REI6, STM32U375REI6Q, STM32U375RET6, STM32U375RET6Q, STM32U375REY6GTR, STM32U375REY6QTR, STM32U375RGI6, STM32U375RGI6Q, STM32U375RGT6, STM32U375RGT6Q, STM32U375RGY6GTR, STM32U375RGY6QTR, STM32U375VEI6, STM32U375VEI6Q, STM32U375VET6, STM32U375VET6Q, STM32U375VGI6, STM32U375VGI6Q, STM32U375VGT6, STM32U375VGT6Q, STM32U385CGT6, STM32U385CGT6Q, STM32U385CGU6, STM32U385CGU6Q, STM32U385CGY6QTR, STM32U385KGU6, STM32U385RGI6, STM32U385RGI6Q, STM32U385RGT6, STM32U385RGT6Q, STM32U385RGY6GTR, STM32U385RGY6QTR, STM32U385VGI6, STM32U385VGI6Q, STM32U385VGT6, STM32U385VGT6Q, STM32U535CBT6, STM32U535CBT6Q, STM32U535CBU6, STM32U535CBU6Q, STM32U535CCT6, STM32U535CCT6Q, STM32U535CCU6, STM32U535CCU6Q, STM32U535CET6, STM32U535CET6Q, STM32U535CEU6, STM32U535CEU6Q, STM32U535JEY6QTR, STM32U535NCY6QTR, STM32U535NEY6QTR, STM32U535RBI6, STM32U535RBI6Q, STM32U535RBT6, STM32U535RBT6Q, STM32U535RCI6, STM32U535RCI6Q, STM32U535RCT6, STM32U535RCT6Q, STM32U535REI6, STM32U535REI6Q, STM32U535RET6, STM32U535RET6Q, STM32U535VCI6, STM32U535VCI6Q, STM32U535VCT6, STM32U535VCT6Q, STM32U535VEI6, STM32U535VEI6Q, STM32U535VET6, STM32U535VET6Q, STM32U545CET6, STM32U545CET6Q, STM32U545CEU6, STM32U545CEU6Q, STM32U545JEY6QTR, STM32U545NEY6QTR, STM32U545REI6, STM32U545REI6Q, STM32U545RET6, STM32U545RET6Q, STM32U545VEI6, STM32U545VEI6Q, STM32U545VET6, STM32U545VET6Q, STM32U595AIH6, STM32U595AIH6Q, STM32U595AJH6, STM32U595AJH6Q, STM32U595QII6, STM32U595QII6Q, STM32U595QJI6, STM32U595QJI6Q, STM32U595RIT6, STM32U595RIT6Q, STM32U595RJT6, STM32U595RJT6Q, STM32U595VIT6, STM32U595VIT6Q, STM32U595VJT6, STM32U595VJT6Q, STM32U595ZIT6, STM32U595ZIT6Q, STM32U595ZIY6QTR, STM32U595ZJT6, STM32U595ZJT6Q, STM32U595ZJY6QTR, STM32U599BJY6QTR, STM32U599NIH6Q, STM32U599NJH6Q, STM32U599VIT6Q, STM32U599VJT6, STM32U599VJT6Q, STM32U599ZIT6Q, STM32U599ZIY6QTR, STM32U599ZJT6Q, STM32U599ZJY6QTR, STM32U5A5AJH6, STM32U5A5AJH6Q, STM32U5A5QII3Q , STM32U5A5QJI6, STM32U5A5QJI6Q, STM32U5A5RJT6, STM32U5A5RJT6Q, STM32U5A5VJT6, STM32U5A5VJT6Q, STM32U5A5ZJT6, STM32U5A5ZJT6Q, STM32U5A5ZJY6QTR, STM32U5A9BJY6QTR, STM32U5A9J-DK, STM32U5A9NJH6Q, STM32U5A9VJT6Q, STM32U5A9ZJT6Q, STM32U5A9ZJY6QTR, STM32U5F7VIT6, STM32U5F7VIT6Q, STM32U5F7VJT6, STM32U5F7VJT6Q, STM32U5F9BJY6QTR, STM32U5F9NJH6Q, STM32U5F9VIT6Q, STM32U5F9VJT6Q, STM32U5F9ZIJ6QTR, STM32U5F9ZIT6Q, STM32U5F9ZJJ6QTR, STM32U5F9ZJT6Q, STM32U5G7VJT6, STM32U5G7VJT6Q, STM32U5G9BJY6QTR, STM32U5G9J-DK1, STM32U5G9J-DK2, STM32U5G9NJH6Q, STM32U5G9VJT6Q, STM32U5G9ZJJ6QTR, STM32U5G9ZJT6Q, STM32WB05KZV6TR, STM32WB05KZV7TR, STM32WB05TZF6TR, STM32WB05TZF7TR, STM32WB06CCF6TR, STM32WB06CCF7TR, STM32WB06CCV6TR, STM32WB06CCV7TR, STM32WB06KCV6TR, STM32WB06KCV7TR, STM32WB07CCF6TR, STM32WB07CCF7TR, STM32WB07CCV6TR, STM32WB07CCV7TR, STM32WB07KCV6TR, STM32WB07KCV7TR, STM32WB09KEV6TR, STM32WB09KEV7TR, STM32WB09TEF6TR, STM32WB09TEF7TR, STM32WB1MMCH6, STM32WBA50KGU6, STM32WBA50KGU6TR, STM32WBA52CEU6, STM32WBA52CEU6TR, STM32WBA52CEU7, STM32WBA52CEU7TR, STM32WBA52CGU6, STM32WBA52CGU6TR, STM32WBA52CGU6U, STM32WBA52CGU7, STM32WBA52CGU7TR, STM32WBA52KEU6, STM32WBA52KEU6TR, STM32WBA52KGU6, STM32WBA52KGU6TR, STM32WBA54CEU6, STM32WBA54CEU6TR, STM32WBA54CEU7, STM32WBA54CEU7TR, STM32WBA54CGU6, STM32WBA54CGU6TR, STM32WBA54CGU7, STM32WBA54CGU7TR, STM32WBA54KEU6, STM32WBA54KEU6TR, STM32WBA54KEU7, STM32WBA54KEU7TR, STM32WBA54KGU6, STM32WBA54KGU6TR, STM32WBA54KGU7, STM32WBA54KGU7TR, STM32WBA55CEU6, STM32WBA55CEU6TR, STM32WBA55CEU7, STM32WBA55CEU7TR, STM32WBA55CGU6, STM32WBA55CGU6TR, STM32WBA55CGU6U, STM32WBA55CGU7, STM32WBA55CGU7TR, STM32WBA55G-DK1, STM32WBA55HEF6, STM32WBA55HEF7, STM32WBA55HGF6, STM32WBA55HGF7, STM32WBA55UEI6, STM32WBA55UEI6TR, STM32WBA55UEI7, STM32WBA55UEI7TR, STM32WBA55UGI6, STM32WBA55UGI6TR, STM32WBA55UGI7, STM32WBA55UGI7TR, STM32WBA5MMGH6TR, STM32WBA62MGF6, STM32WBA62MIF6, STM32WBA65MGF7, STM32WBA65MIF6, STM32WBA65MIF7, STM32WL30K8V6, STM32WL30KBV6, STM32WL31C8V6, STM32WL31CBV6, STM32WL31K8V6, STM32WL31KBV6, STM32WL33C8V6, STM32WL33C8V6X, STM32WL33CBV6, STM32WL33CBV6X, STM32WL33CCV6, STM32WL33CCV6A, STM32WL33CCV6X, STM32WL33K8V7, STM32WL33K8V7X, STM32WL33KBV7 , STM32WL33KBV7X, STM32WL33KCV7, STM32WL33KCV7X, STM32WL5MOCH6, STM32WL5MOCH6TR]
2025-11-08 14:40:25,716 [INFO] DbMcus:218 - Found 4801 MCUs, 4801 are supported
2025-11-08 14:40:25,720 [INFO] ApiDb:423 - Load user favorites file C:\Users\wenbox/.stm32cubeide/favorites.mcus.txt: 0 item(s)
2025-11-08 14:40:25,722 [INFO] ApiDb:427 - User favorites MCUs=[]
2025-11-08 14:40:25,724 [INFO] DbMcus:224 - Set 0 / 0 favorites MCUs
2025-11-08 14:40:26,176 [INFO] ApiDb:423 - Load user favorites file C:\Users\wenbox/.stm32cubeide/favorites.boards.txt: 0 item(s)
2025-11-08 14:40:26,179 [INFO] ApiDb:427 - User favorites Boards=[]
2025-11-08 14:40:26,181 [INFO] DbBoards:198 - Set 0 / 0 favorites Boards
2025-11-08 14:40:26,257 [INFO] UtilMem:75 - End LoadConfig() Used Memory: 232724096 Bytes (413138944)
2025-11-08 14:40:26,383 [WARN] ThirdParty:833 - waiting for thirdparty lock release [change project]
2025-11-08 14:40:26,387 [INFO] ThirdParty:835 - entering critical section [change project]
2025-11-08 14:40:26,390 [INFO] ThirdParty:1030 - CMSIS Pack Vendor :STMicroelectronics X-CUBE-PM33A1 1.0.0
2025-11-08 14:40:26,393 [INFO] ThirdParty:1030 - CMSIS Pack Vendor :STMicroelectronics USBPD 4.1
2025-11-08 14:40:26,401 [INFO] ThirdParty:1030 - CMSIS Pack Vendor :STMicroelectronics X-CUBE-NFC9 1.0.0
2025-11-08 14:40:26,404 [INFO] ThirdParty:1030 - CMSIS Pack Vendor :STMicroelectronics USB_HOST 2.0.0
2025-11-08 14:40:26,407 [INFO] ThirdParty:1030 - CMSIS Pack Vendor :STMicroelectronics FP-SNS-MOTENVWB1 1.4.0
2025-11-08 14:40:26,410 [INFO] ThirdParty:1030 - CMSIS Pack Vendor :STMicroelectronics X-CUBE-AZRTOS-F4 1.1.0
2025-11-08 14:40:26,412 [INFO] ThirdParty:1030 - CMSIS Pack Vendor :STMicroelectronics LIBJPEG 8.0.0
2025-11-08 14:40:26,414 [INFO] ThirdParty:1030 - CMSIS Pack Vendor :STMicroelectronics FP-ATR-ASTRA1 2.0.2
2025-11-08 14:40:26,417 [INFO] ThirdParty:1030 - CMSIS Pack Vendor :wolfSSL I-CUBE-wolfSSL 5.8.2
2025-11-08 14:40:26,420 [INFO] ThirdParty:1030 - CMSIS Pack Vendor :STMicroelectronics X-CUBE-BLE1 7.1.0
2025-11-08 14:40:26,425 [INFO] ThirdParty:1030 - CMSIS Pack Vendor :STMicroelectronics X-CUBE-SMBUS 2.1.0
2025-11-08 14:40:26,428 [INFO] ThirdParty:1030 - CMSIS Pack Vendor :wolfSSL I-CUBE-wolfMQTT 1.19.2
2025-11-08 14:40:26,432 [INFO] ThirdParty:1030 - CMSIS Pack Vendor :STMicroelectronics USB_DEVICE 3.0.0
2025-11-08 14:40:26,434 [INFO] ThirdParty:1030 - CMSIS Pack Vendor :STMicroelectronics X-CUBE-ISPU 2.1.0
2025-11-08 14:40:26,440 [INFO] ThirdParty:1030 - CMSIS Pack Vendor :STMicroelectronics X-CUBE-EEPRMA1 5.2.0
2025-11-08 14:40:26,442 [INFO] ThirdParty:1030 - CMSIS Pack Vendor :STMicroelectronics X-CUBE-IPS 3.2.0
2025-11-08 14:40:26,444 [INFO] ThirdParty:1030 - CMSIS Pack Vendor :STMicroelectronics X-CUBE-BLEMGR 4.1.0
2025-11-08 14:40:26,447 [INFO] ThirdParty:1030 - CMSIS Pack Vendor :STMicroelectronics X-CUBE-AZRTOS-WB 2.0.0
2025-11-08 14:40:26,448 [INFO] ThirdParty:1030 - CMSIS Pack Vendor :STMicroelectronics X-CUBE-NFC12 1.0.0
2025-11-08 14:40:26,450 [INFO] ThirdParty:1030 - CMSIS Pack Vendor :STMicroelectronics X-CUBE-AZRTOS-F7 1.1.0
2025-11-08 14:40:26,452 [INFO] ThirdParty:1030 - CMSIS Pack Vendor :STMicroelectronics X-CUBE-AZRTOS-L5 2.0.0
2025-11-08 14:40:26,454 [INFO] ThirdParty:1030 - CMSIS Pack Vendor :STMicroelectronics USB_DEVICE 2.0.0
2025-11-08 14:40:26,456 [INFO] ThirdParty:1030 - CMSIS Pack Vendor :STMicroelectronics X-CUBE-NFC6 3.1.0
2025-11-08 14:40:26,459 [INFO] ThirdParty:1030 - CMSIS Pack Vendor :STMicroelectronics X-CUBE-ST67W61 1.1.0
2025-11-08 14:40:26,461 [INFO] ThirdParty:1030 - CMSIS Pack Vendor :Cesanta I-CUBE-Mongoose 7.19.0
2025-11-08 14:40:26,463 [INFO] ThirdParty:1030 - CMSIS Pack Vendor :quantropi X-CUBE-qispace-sdk-base 2.1.0
2025-11-08 14:40:26,465 [INFO] ThirdParty:1030 - CMSIS Pack Vendor :STMicroelectronics FP-SNS-MOTENV1 5.1.0
2025-11-08 14:40:26,467 [INFO] ThirdParty:1030 - CMSIS Pack Vendor :STMicroelectronics FreeRTOS 0.0.1
2025-11-08 14:40:26,469 [INFO] ThirdParty:1030 - CMSIS Pack Vendor :STMicroelectronics X-CUBE-AZRTOS-G0 1.1.0
2025-11-08 14:40:26,471 [INFO] ThirdParty:1030 - CMSIS Pack Vendor :STMicroelectronics X-CUBE-NFC4 3.0.0
2025-11-08 14:40:26,473 [INFO] ThirdParty:1030 - CMSIS Pack Vendor :STMicroelectronics X-CUBE-SUBG2 5.0.0
2025-11-08 14:40:26,475 [INFO] ThirdParty:1030 - CMSIS Pack Vendor :STMicroelectronics X-CUBE-AZRTOS-H7RS 1.1.0
2025-11-08 14:40:26,477 [INFO] ThirdParty:1030 - CMSIS Pack Vendor :STMicroelectronics STM32_WPAN 1.0.0
2025-11-08 14:40:26,480 [INFO] ThirdParty:1030 - CMSIS Pack Vendor :EmbeddedOffice I-CUBE-FS-RTOS 1.0.1
2025-11-08 14:40:26,482 [INFO] ThirdParty:1030 - CMSIS Pack Vendor :STMicroelectronics lwIP 2.0.3
2025-11-08 14:40:26,484 [INFO] ThirdParty:1030 - CMSIS Pack Vendor :WES I-CUBE-Cesium 1.4.0
2025-11-08 14:40:26,486 [INFO] ThirdParty:1030 - CMSIS Pack Vendor :STMicroelectronics USB_HOST 1.0.0
2025-11-08 14:40:26,488 [INFO] ThirdParty:1030 - CMSIS Pack Vendor :Infineon AIROC-Wi-Fi-Bluetooth-STM32 1.7.1
2025-11-08 14:40:26,490 [INFO] ThirdParty:1030 - CMSIS Pack Vendor :STMicroelectronics X-CUBE-AZRTOS-G4 2.0.0
2025-11-08 14:40:26,494 [INFO] ThirdParty:1030 - CMSIS Pack Vendor :STMicroelectronics X-CUBE-WB05N 2.0.0
2025-11-08 14:40:26,496 [INFO] ThirdParty:1030 - CMSIS Pack Vendor :STMicroelectronics PDM2PCM 3.1.0
2025-11-08 14:40:26,498 [INFO] ThirdParty:1030 - CMSIS Pack Vendor :STMicroelectronics PDM2PCM 3.3.0
2025-11-08 14:40:26,499 [INFO] ThirdParty:1030 - CMSIS Pack Vendor :wolfSSL I-CUBE-wolfTPM 3.8.0
2025-11-08 14:40:26,501 [INFO] ThirdParty:1030 - CMSIS Pack Vendor :STMicroelectronics X-CUBE-AZRTOS-H7 3.4.0
2025-11-08 14:40:26,504 [INFO] ThirdParty:1030 - CMSIS Pack Vendor :STMicroelectronics X-CUBE-DISPLAY 3.0.0
2025-11-08 14:40:26,506 [INFO] ThirdParty:1030 - CMSIS Pack Vendor :wolfSSL I-CUBE-wolfSSH 1.4.20
2025-11-08 14:40:26,508 [INFO] ThirdParty:1030 - CMSIS Pack Vendor :STMicroelectronics X-CUBE-NFC7 2.0.0
2025-11-08 14:40:26,510 [INFO] ThirdParty:1030 - CMSIS Pack Vendor :STMicroelectronics X-CUBE-TCPP 4.2.0
2025-11-08 14:40:26,512 [INFO] ThirdParty:1030 - CMSIS Pack Vendor :RealThread X-CUBE-RT-Thread_Nano 4.1.1
2025-11-08 14:40:26,514 [INFO] ThirdParty:1030 - CMSIS Pack Vendor :STMicroelectronics FP-ATR-SIGFOX1 3.2.0
2025-11-08 14:40:26,516 [INFO] ThirdParty:1030 - CMSIS Pack Vendor :STMicroelectronics X-CUBE-NFC10 1.0.0
2025-11-08 14:40:26,517 [INFO] ThirdParty:1030 - CMSIS Pack Vendor :STMicroelectronics X-CUBE-FREERTOS 1.3.1
2025-11-08 14:40:26,519 [INFO] ThirdParty:1030 - CMSIS Pack Vendor :STMicroelectronics HAL Drivers 0.0.0
2025-11-08 14:40:26,521 [INFO] ThirdParty:1030 - CMSIS Pack Vendor :STMicroelectronics MBEDTLS 2.16.2
2025-11-08 14:40:26,523 [INFO] ThirdParty:1030 - CMSIS Pack Vendor :STMicroelectronics X-CUBE-ST60 1.1.0
2025-11-08 14:40:26,525 [INFO] ThirdParty:1030 - CMSIS Pack Vendor :STMicroelectronics X-CUBE-ALS 1.0.2
2025-11-08 14:40:26,527 [INFO] ThirdParty:1030 - CMSIS Pack Vendor :emotas I-CUBE-CANOPEN 1.3.0
2025-11-08 14:40:26,529 [INFO] ThirdParty:1030 - CMSIS Pack Vendor :STMicroelectronics MBEDTLS 2.14.1
2025-11-08 14:40:26,531 [INFO] ThirdParty:1030 - CMSIS Pack Vendor :STMicroelectronics X-CUBE-GNSS1 7.1.0
2025-11-08 14:40:26,533 [INFO] ThirdParty:1030 - CMSIS Pack Vendor :ITTIA_DB I-CUBE-ITTIADB 8.9.0
2025-11-08 14:40:26,534 [INFO] ThirdParty:1030 - CMSIS Pack Vendor :STMicroelectronics X-CUBE-TOUCHGFX 4.26.0
2025-11-08 14:40:26,538 [INFO] ThirdParty:1030 - CMSIS Pack Vendor :STMicroelectronics X-CUBE-STSE01 1.0.0
2025-11-08 14:40:26,540 [INFO] ThirdParty:1030 - CMSIS Pack Vendor :STMicroelectronics FP-SNS-STBOX1 2.1.0
2025-11-08 14:40:26,542 [INFO] ThirdParty:1030 - CMSIS Pack Vendor :STMicroelectronics X-CUBE-AI 10.2.0
2025-11-08 14:40:26,544 [INFO] ThirdParty:1030 - CMSIS Pack Vendor :STMicroelectronics FP-SNS-STAIOTCFT 1.0.0
2025-11-08 14:40:26,545 [INFO] ThirdParty:1030 - CMSIS Pack Vendor :STMicroelectronics ThreadX 1.0.0
2025-11-08 14:40:26,547 [INFO] ThirdParty:1030 - CMSIS Pack Vendor :STMicroelectronics FP-SNS-SMARTAG2 1.2.0
2025-11-08 14:40:26,549 [INFO] ThirdParty:1030 - CMSIS Pack Vendor :STMicroelectronics FP-SNS-FLIGHT1 5.1.0
2025-11-08 14:40:26,551 [INFO] ThirdParty:1030 - CMSIS Pack Vendor :STMicroelectronics X-CUBE-AZRTOS-WL 2.0.0
2025-11-08 14:40:26,553 [INFO] ThirdParty:1030 - CMSIS Pack Vendor :SEGGER I-CUBE-embOS 1.3.1
2025-11-08 14:40:26,555 [INFO] ThirdParty:1030 - CMSIS Pack Vendor :STMicroelectronics X-CUBE-ALGOBUILD 1.4.0
2025-11-08 14:40:26,557 [INFO] ThirdParty:1030 - CMSIS Pack Vendor :STMicroelectronics X-CUBE-DPower 1.3.0
2025-11-08 14:40:26,559 [INFO] ThirdParty:1030 - CMSIS Pack Vendor :STMicroelectronics X-CUBE-MEMS1 11.3.0
2025-11-08 14:40:26,561 [INFO] ThirdParty:1030 - CMSIS Pack Vendor :STMicroelectronics USB_DEVICE 1.0.0
2025-11-08 14:40:26,564 [INFO] ThirdParty:1030 - CMSIS Pack Vendor :STMicroelectronics X-CUBE-AZRTOS-L4 2.0.0
2025-11-08 14:40:26,567 [INFO] ThirdParty:1030 - CMSIS Pack Vendor :STMicroelectronics ThreadX 0.0.2
2025-11-08 14:40:26,570 [INFO] ThirdParty:1030 - CMSIS Pack Vendor :STMicroelectronics lwIP 2.1.2
2025-11-08 14:40:26,572 [INFO] ThirdParty:1030 - CMSIS Pack Vendor :STMicroelectronics X-CUBE-SFXS2LP1 4.0.0
2025-11-08 14:40:26,574 [INFO] ThirdParty:1030 - CMSIS Pack Vendor :STMicroelectronics X-CUBE-BLE2 3.3.0
2025-11-08 14:40:26,576 [INFO] ThirdParty:1030 - CMSIS Pack Vendor :Avnet-IOTCONNECT X-CUBE-iotc-st67-sdk 1.0.0
2025-11-08 14:40:26,579 [INFO] ThirdParty:1030 - CMSIS Pack Vendor :STMicroelectronics X-CUBE-TOF1 3.4.3
2025-11-08 14:40:26,582 [INFO] ThirdParty:1030 - CMSIS Pack Vendor :STMicroelectronics PDM2PCM 3.2.0
2025-11-08 14:40:26,585 [INFO] ThirdParty:841 - exiting critical section [change project]
2025-11-08 14:40:27,327 [INFO] PinOutPanel:1589 - setPackage(No Configuration,No Configuration)
2025-11-08 14:40:27,332 [INFO] PinOutPanel:1589 - setPackage(STM32L4R5ZITxP,LQFP144)
2025-11-08 14:40:28,046 [INFO] UtilMem:75 - Before build in PCC Used Memory: 351141728 Bytes (413138944)
2025-11-08 14:40:29,185 [INFO] UtilMem:75 - After build in PCC Used Memory: 312710464 Bytes (419430400)
2025-11-08 14:40:29,229 [INFO] IPUIPlugin:80 - create IPUIPlugin
2025-11-08 14:40:29,231 [INFO] IPUIPlugin:80 - create IPUIPlugin
2025-11-08 14:40:29,234 [INFO] IPUIPlugin:80 - create IPUIPlugin
2025-11-08 14:40:29,236 [INFO] IPUIPlugin:80 - create IPUIPlugin
2025-11-08 14:40:29,238 [INFO] IPUIPlugin:80 - create IPUIPlugin
2025-11-08 14:40:29,241 [INFO] IPUIPlugin:80 - create IPUIPlugin
2025-11-08 14:40:29,243 [INFO] IPUIPlugin:80 - create IPUIPlugin
2025-11-08 14:40:29,246 [INFO] IPUIPlugin:80 - create IPUIPlugin
2025-11-08 14:40:29,247 [INFO] IPUIPlugin:80 - create IPUIPlugin
2025-11-08 14:40:29,249 [INFO] IPUIPlugin:80 - create IPUIPlugin
2025-11-08 14:40:29,251 [INFO] IPUIPlugin:80 - create IPUIPlugin
2025-11-08 14:40:29,253 [INFO] IPUIPlugin:80 - create IPUIPlugin
2025-11-08 14:40:29,255 [INFO] IPUIPlugin:80 - create IPUIPlugin
2025-11-08 14:40:29,258 [INFO] IPUIPlugin:80 - create IPUIPlugin
2025-11-08 14:40:29,260 [INFO] IPUIPlugin:80 - create IPUIPlugin
2025-11-08 14:40:29,263 [INFO] IPUIPlugin:80 - create IPUIPlugin
2025-11-08 14:40:29,264 [INFO] IPUIPlugin:80 - create IPUIPlugin
2025-11-08 14:40:29,266 [INFO] IPUIPlugin:80 - create IPUIPlugin
2025-11-08 14:40:29,268 [INFO] IPUIPlugin:80 - create IPUIPlugin
2025-11-08 14:40:29,270 [INFO] IPUIPlugin:80 - create IPUIPlugin
2025-11-08 14:40:29,274 [INFO] IPUIPlugin:80 - create IPUIPlugin
2025-11-08 14:40:29,276 [INFO] IPUIPlugin:80 - create IPUIPlugin
2025-11-08 14:40:29,279 [INFO] IPUIPlugin:80 - create IPUIPlugin
2025-11-08 14:40:29,281 [INFO] IPUIPlugin:80 - create IPUIPlugin
2025-11-08 14:40:29,283 [INFO] IPUIPlugin:80 - create IPUIPlugin
2025-11-08 14:40:29,286 [INFO] IPUIPlugin:80 - create IPUIPlugin
2025-11-08 14:40:29,288 [INFO] IPUIPlugin:80 - create IPUIPlugin
2025-11-08 14:40:29,290 [INFO] IPUIPlugin:80 - create IPUIPlugin
2025-11-08 14:40:29,292 [INFO] IPUIPlugin:80 - create IPUIPlugin
2025-11-08 14:40:29,294 [INFO] IPUIPlugin:80 - create IPUIPlugin
2025-11-08 14:40:29,298 [INFO] IPUIPlugin:80 - create IPUIPlugin
2025-11-08 14:40:29,299 [INFO] IPUIPlugin:80 - create IPUIPlugin
2025-11-08 14:40:29,302 [INFO] IPUIPlugin:80 - create IPUIPlugin
2025-11-08 14:40:29,304 [INFO] IPUIPlugin:80 - create IPUIPlugin
2025-11-08 14:40:29,306 [INFO] IPUIPlugin:80 - create IPUIPlugin
2025-11-08 14:40:29,308 [INFO] IPUIPlugin:80 - create IPUIPlugin
2025-11-08 14:40:29,311 [INFO] IPUIPlugin:80 - create IPUIPlugin
2025-11-08 14:40:29,313 [INFO] IPUIPlugin:80 - create IPUIPlugin
2025-11-08 14:40:29,315 [INFO] IPUIPlugin:80 - create IPUIPlugin
2025-11-08 14:40:29,317 [INFO] IPUIPlugin:80 - create IPUIPlugin
2025-11-08 14:40:29,320 [INFO] IPUIPlugin:80 - create IPUIPlugin
2025-11-08 14:40:29,322 [INFO] IPUIPlugin:80 - create IPUIPlugin
2025-11-08 14:40:29,324 [INFO] IPUIPlugin:80 - create IPUIPlugin
2025-11-08 14:40:29,326 [INFO] IPUIPlugin:80 - create IPUIPlugin
2025-11-08 14:40:29,328 [INFO] IPUIPlugin:80 - create IPUIPlugin
2025-11-08 14:40:29,331 [INFO] IPUIPlugin:80 - create IPUIPlugin
2025-11-08 14:40:29,333 [INFO] IPUIPlugin:80 - create IPUIPlugin
2025-11-08 14:40:29,335 [INFO] IPUIPlugin:80 - create IPUIPlugin
2025-11-08 14:40:29,338 [INFO] IPUIPlugin:80 - create IPUIPlugin
2025-11-08 14:40:29,340 [INFO] IPUIPlugin:80 - create IPUIPlugin
2025-11-08 14:40:29,342 [INFO] IPUIPlugin:80 - create IPUIPlugin
2025-11-08 14:40:29,344 [INFO] IPUIPlugin:80 - create IPUIPlugin
2025-11-08 14:40:29,346 [INFO] IPUIPlugin:80 - create IPUIPlugin
2025-11-08 14:40:29,348 [INFO] IPUIPlugin:80 - create IPUIPlugin
2025-11-08 14:40:29,351 [INFO] IPUIPlugin:80 - create IPUIPlugin
2025-11-08 14:40:29,353 [INFO] IPUIPlugin:80 - create IPUIPlugin
2025-11-08 14:40:29,355 [INFO] IPUIPlugin:80 - create IPUIPlugin
2025-11-08 14:40:29,357 [INFO] IPUIPlugin:80 - create IPUIPlugin
2025-11-08 14:40:29,360 [INFO] IPUIPlugin:80 - create IPUIPlugin
2025-11-08 14:40:29,363 [INFO] IPUIPlugin:80 - create IPUIPlugin
2025-11-08 14:40:29,365 [INFO] IPUIPlugin:80 - create IPUIPlugin
2025-11-08 14:40:29,677 [INFO] CADModel:165 - CPN selected for project levelSTM32L4R5ZIT6P
2025-11-08 14:40:29,679 [INFO] CADModel:114 - Register for checkConnection events
2025-11-08 14:40:29,739 [INFO] OpenFileManager:386 - Restore cursor
2025-11-08 15:11:06,271 [INFO] NvicIntPanel:101 - NVIC parent = com.st.microxplorer.plugins.ip.nvic.MultiNvicIntPanel[,0,0,707x355,layout=javax.swing.BoxLayout,alignmentX=0.0,alignmentY=0.0,border=,flags=9,maximumSize=,minimumSize=,preferredSize=]
2025-11-08 15:22:28,602 [INFO] UtilMem:75 - End SaveConfig() Used Memory: 533535496 Bytes (646971392)
2025-11-08 15:23:03,684 [INFO] UtilMem:75 - End SaveConfig() Used Memory: 271003936 Bytes (646971392)
2025-11-08 15:23:39,652 [INFO] UtilMem:75 - End SaveConfig() Used Memory: 345979168 Bytes (646971392)
2025-11-08 15:28:20,049 [INFO] BlockDiagram:2775 - set Specific Code input for plugin: SYS
2025-11-08 15:28:20,051 [INFO] BlockDiagram:2775 - set Specific Code input for plugin: RCC
2025-11-08 15:28:20,054 [INFO] BlockDiagram:2775 - set Specific Code input for plugin: NVIC
2025-11-08 15:28:20,056 [INFO] BlockDiagram:2775 - set Specific Code input for plugin: USART
2025-11-08 15:28:20,059 [INFO] BlockDiagram:2775 - set Specific Code input for plugin: USART
2025-11-08 15:28:20,062 [INFO] BlockDiagram:2775 - set Specific Code input for plugin: DMA
2025-11-08 15:28:20,064 [INFO] BlockDiagram:2775 - set Specific Code input for plugin: GPIO
2025-11-08 15:28:20,142 [INFO] CodeGenerator:892 - code generatio: config db path: C:\ST\STM32CubeIDE_1.19.0\STM32CubeIDE\plugins\com.st.stm32cube.common.mx_6.15.0.202507011659\\db\
2025-11-08 15:28:20,544 [INFO] CodeEngine:265 - oldGeneratedFile, N:\EECS373-CubeIDE-Workspace\373_Final_Project\MXTmpFiles\license.tmp_save
2025-11-08 15:28:21,334 [INFO] CodeEngine:289 - Generated code: N:\EECS373-CubeIDE-Workspace\373_Final_Project\MXTmpFiles\license.tmp
2025-11-08 15:28:22,086 [INFO] CodeEngine:265 - oldGeneratedFile, N:\EECS373-CubeIDE-Workspace\373_Final_Project\MXTmpFiles\gpio.tmp_save
2025-11-08 15:28:22,532 [INFO] CodeEngine:289 - Generated code: N:\EECS373-CubeIDE-Workspace\373_Final_Project\MXTmpFiles\gpio.tmp
2025-11-08 15:28:23,632 [INFO] CodeEngine:265 - oldGeneratedFile, N:\EECS373-CubeIDE-Workspace\373_Final_Project\MXTmpFiles\dma.tmp_save
2025-11-08 15:28:24,000 [INFO] CodeEngine:289 - Generated code: N:\EECS373-CubeIDE-Workspace\373_Final_Project\MXTmpFiles\dma.tmp
2025-11-08 15:28:24,197 [INFO] CodeEngine:265 - oldGeneratedFile, N:\EECS373-CubeIDE-Workspace\373_Final_Project\MXTmpFiles\dma_GV.tmp_save
2025-11-08 15:28:24,498 [INFO] CodeEngine:289 - Generated code: N:\EECS373-CubeIDE-Workspace\373_Final_Project\MXTmpFiles\dma_GV.tmp
2025-11-08 15:28:25,028 [INFO] CodeEngine:265 - oldGeneratedFile, N:\EECS373-CubeIDE-Workspace\373_Final_Project\Core\Src\stm32l4xx_it.c_save
2025-11-08 15:28:25,621 [INFO] CodeEngine:289 - Generated code: N:\EECS373-CubeIDE-Workspace\373_Final_Project\Core\Src\stm32l4xx_it.c
2025-11-08 15:28:25,985 [INFO] CodeEngine:265 - oldGeneratedFile, N:\EECS373-CubeIDE-Workspace\373_Final_Project\Core\Inc\stm32l4xx_it.h_save
2025-11-08 15:28:26,531 [INFO] CodeEngine:289 - Generated code: N:\EECS373-CubeIDE-Workspace\373_Final_Project\Core\Inc\stm32l4xx_it.h
2025-11-08 15:28:26,982 [INFO] CodeEngine:265 - oldGeneratedFile, N:\EECS373-CubeIDE-Workspace\373_Final_Project\Core\Src\stm32l4xx_hal_msp.c_save
2025-11-08 15:28:27,539 [INFO] CodeEngine:289 - Generated code: N:\EECS373-CubeIDE-Workspace\373_Final_Project\Core\Src\stm32l4xx_hal_msp.c
2025-11-08 15:28:27,772 [INFO] CodeEngine:265 - oldGeneratedFile, N:\EECS373-CubeIDE-Workspace\373_Final_Project\MXTmpFiles\system.tmp_save
2025-11-08 15:28:28,158 [INFO] CodeEngine:289 - Generated code: N:\EECS373-CubeIDE-Workspace\373_Final_Project\MXTmpFiles\system.tmp
2025-11-08 15:28:28,686 [INFO] CodeEngine:321 - oldGeneratedFile, N:\EECS373-CubeIDE-Workspace\373_Final_Project\Core\Inc\stm32l4xx_hal_conf.h_save
2025-11-08 15:28:29,262 [INFO] CodeEngine:345 - Generated code: N:\EECS373-CubeIDE-Workspace\373_Final_Project\Core\Inc\stm32l4xx_hal_conf.h
2025-11-08 15:28:29,736 [INFO] ApiDbMcu:532 - Load IP Config File for USART1
2025-11-08 15:28:29,749 [INFO] ApiDbMcu:532 - Load IP Config File for USART3
2025-11-08 15:28:29,758 [INFO] ApiDbMcu:532 - Load IP Config File for RCC
2025-11-08 15:28:30,004 [INFO] CodeEngine:265 - oldGeneratedFile, N:\EECS373-CubeIDE-Workspace\373_Final_Project\Core\Inc\main.h_save
2025-11-08 15:28:30,696 [INFO] CodeEngine:289 - Generated code: N:\EECS373-CubeIDE-Workspace\373_Final_Project\Core\Inc\main.h
2025-11-08 15:28:31,134 [INFO] CodeEngine:265 - oldGeneratedFile, N:\EECS373-CubeIDE-Workspace\373_Final_Project\Core\Src\main.c_save
2025-11-08 15:28:32,091 [INFO] CodeEngine:289 - Generated code: N:\EECS373-CubeIDE-Workspace\373_Final_Project\Core\Src\main.c
2025-11-08 15:28:47,662 [INFO] ProjectBuilder:3606 - Time for Copy HAL[1] : 14506mS.
2025-11-08 15:28:47,744 [INFO] ProjectBuilder:5216 - Project Generator version: 4.7.0-B52
2025-11-08 15:28:47,834 [INFO] ConfigFileManager:1595 - The Die is : DIE470
2025-11-08 15:28:47,845 [INFO] ApiDbMcu:532 - Load IP Config File for FATFS
2025-11-08 15:28:47,851 [INFO] ApiDbMcu:532 - Load IP Config File for FREERTOS
2025-11-08 15:28:47,861 [INFO] ApiDbMcu:532 - Load IP Config File for TOUCHSENSING
2025-11-08 15:28:47,869 [INFO] ApiDbMcu:532 - Load IP Config File for USB_DEVICE
2025-11-08 15:28:47,875 [INFO] ApiDbMcu:532 - Load IP Config File for USB_HOST
2025-11-08 15:28:48,620 [INFO] LogOutputStream:77 - [STDOUT_REDIRECT] 
2025-11-08 15:28:55,040 [INFO] ProjectBuilder:5496 - Time for Generating toolchain IDE Files: 7297mS.
2025-11-08 15:28:55,121 [INFO] ProjectBuilder:3463 - Time for Copy CMSIS : 79mS.
2025-11-08 15:28:55,143 [INFO] ProjectBuilder:3463 - Time for Copy CMSIS : 1mS.
2025-11-08 15:54:04,731 [INFO] UtilMem:75 - End SaveConfig() Used Memory: 327438512 Bytes (725614592)
2025-11-08 15:54:58,619 [INFO] UtilMem:75 - End SaveConfig() Used Memory: 353474904 Bytes (725614592)
2025-11-08 15:56:14,124 [INFO] UtilMem:75 - End SaveConfig() Used Memory: 454285176 Bytes (725614592)
2025-11-08 15:56:48,405 [INFO] BlockDiagram:2775 - set Specific Code input for plugin: SYS
2025-11-08 15:56:48,408 [INFO] BlockDiagram:2775 - set Specific Code input for plugin: RCC
2025-11-08 15:56:48,410 [INFO] BlockDiagram:2775 - set Specific Code input for plugin: NVIC
2025-11-08 15:56:48,413 [INFO] BlockDiagram:2775 - set Specific Code input for plugin: USART
2025-11-08 15:56:48,415 [INFO] BlockDiagram:2775 - set Specific Code input for plugin: USART
2025-11-08 15:56:48,417 [INFO] BlockDiagram:2775 - set Specific Code input for plugin: DMA
2025-11-08 15:56:48,420 [INFO] BlockDiagram:2775 - set Specific Code input for plugin: GPIO
2025-11-08 15:56:48,480 [INFO] CodeGenerator:892 - code generatio: config db path: C:\ST\STM32CubeIDE_1.19.0\STM32CubeIDE\plugins\com.st.stm32cube.common.mx_6.15.0.202507011659\\db\
2025-11-08 15:56:48,518 [INFO] Argument:325 - Argument : hdmavalue: null
2025-11-08 15:56:48,520 [INFO] Argument:327 - 	 sub Args: 
2025-11-08 15:56:48,522 [INFO] Argument:325 - Argument : Instancevalue: DMA1_Channel1
2025-11-08 15:56:48,524 [INFO] Argument:335 - Argument : Instancevalue: DMA1_Channel1
2025-11-08 15:56:48,526 [INFO] Argument:325 - Argument : Initvalue: null
2025-11-08 15:56:48,527 [INFO] Argument:327 - 	 sub Args: 
2025-11-08 15:56:48,530 [INFO] Argument:325 - Argument : Requestvalue: DMA_REQUEST_USART1_RX
2025-11-08 15:56:48,532 [INFO] Argument:335 - Argument : Requestvalue: DMA_REQUEST_USART1_RX
2025-11-08 15:56:48,534 [INFO] Argument:325 - Argument : Directionvalue: DMA_PERIPH_TO_MEMORY
2025-11-08 15:56:48,536 [INFO] Argument:335 - Argument : Directionvalue: DMA_PERIPH_TO_MEMORY
2025-11-08 15:56:48,537 [INFO] Argument:325 - Argument : PeriphIncvalue: DMA_PINC_DISABLE
2025-11-08 15:56:48,540 [INFO] Argument:335 - Argument : PeriphIncvalue: DMA_PINC_DISABLE
2025-11-08 15:56:48,543 [INFO] Argument:325 - Argument : MemIncvalue: DMA_MINC_ENABLE
2025-11-08 15:56:48,545 [INFO] Argument:335 - Argument : MemIncvalue: DMA_MINC_ENABLE
2025-11-08 15:56:48,547 [INFO] Argument:325 - Argument : PeriphDataAlignmentvalue: DMA_PDATAALIGN_BYTE
2025-11-08 15:56:48,549 [INFO] Argument:335 - Argument : PeriphDataAlignmentvalue: DMA_PDATAALIGN_BYTE
2025-11-08 15:56:48,552 [INFO] Argument:325 - Argument : MemDataAlignmentvalue: DMA_MDATAALIGN_BYTE
2025-11-08 15:56:48,555 [INFO] Argument:335 - Argument : MemDataAlignmentvalue: DMA_MDATAALIGN_BYTE
2025-11-08 15:56:48,557 [INFO] Argument:325 - Argument : Modevalue: DMA_NORMAL
2025-11-08 15:56:48,559 [INFO] Argument:335 - Argument : Modevalue: DMA_NORMAL
2025-11-08 15:56:48,562 [INFO] Argument:325 - Argument : Priorityvalue: DMA_PRIORITY_HIGH
2025-11-08 15:56:48,565 [INFO] Argument:335 - Argument : Priorityvalue: DMA_PRIORITY_HIGH
2025-11-08 15:56:48,567 [INFO] Argument:325 - Argument : Lockvalue: null
2025-11-08 15:56:48,570 [INFO] Argument:335 - Argument : Lockvalue: null
2025-11-08 15:56:48,571 [INFO] Argument:325 - Argument : Statevalue: null
2025-11-08 15:56:48,574 [INFO] Argument:335 - Argument : Statevalue: null
2025-11-08 15:56:48,576 [INFO] Argument:325 - Argument : Parentvalue: null
2025-11-08 15:56:48,580 [INFO] Argument:335 - Argument : Parentvalue: null
2025-11-08 15:56:48,581 [INFO] Argument:325 - Argument : XferCpltCallbackvalue: null
2025-11-08 15:56:48,584 [INFO] Argument:335 - Argument : XferCpltCallbackvalue: null
2025-11-08 15:56:48,587 [INFO] Argument:325 - Argument : XferHalfCpltCallbackvalue: null
2025-11-08 15:56:48,589 [INFO] Argument:335 - Argument : XferHalfCpltCallbackvalue: null
2025-11-08 15:56:48,592 [INFO] Argument:325 - Argument : XferErrorCallbackvalue: null
2025-11-08 15:56:48,595 [INFO] Argument:335 - Argument : XferErrorCallbackvalue: null
2025-11-08 15:56:48,597 [INFO] Argument:325 - Argument : XferAbortCallbackvalue: null
2025-11-08 15:56:48,601 [INFO] Argument:335 - Argument : XferAbortCallbackvalue: null
2025-11-08 15:56:48,603 [INFO] Argument:325 - Argument : ErrorCodevalue: null
2025-11-08 15:56:48,605 [INFO] Argument:335 - Argument : ErrorCodevalue: null
2025-11-08 15:56:48,607 [INFO] Argument:325 - Argument : DmaBaseAddressvalue: null
2025-11-08 15:56:48,609 [INFO] Argument:335 - Argument : DmaBaseAddressvalue: null
2025-11-08 15:56:48,612 [INFO] Argument:325 - Argument : ChannelIndexvalue: null
2025-11-08 15:56:48,614 [INFO] Argument:335 - Argument : ChannelIndexvalue: null
2025-11-08 15:56:48,885 [INFO] CodeEngine:265 - oldGeneratedFile, N:\EECS373-CubeIDE-Workspace\373_Final_Project\MXTmpFiles\license.tmp_save
2025-11-08 15:56:49,418 [INFO] CodeEngine:289 - Generated code: N:\EECS373-CubeIDE-Workspace\373_Final_Project\MXTmpFiles\license.tmp
2025-11-08 15:56:49,914 [INFO] CodeEngine:265 - oldGeneratedFile, N:\EECS373-CubeIDE-Workspace\373_Final_Project\MXTmpFiles\gpio.tmp_save
2025-11-08 15:56:50,324 [INFO] CodeEngine:289 - Generated code: N:\EECS373-CubeIDE-Workspace\373_Final_Project\MXTmpFiles\gpio.tmp
2025-11-08 15:56:51,339 [INFO] CodeEngine:265 - oldGeneratedFile, N:\EECS373-CubeIDE-Workspace\373_Final_Project\MXTmpFiles\dma.tmp_save
2025-11-08 15:56:51,716 [INFO] CodeEngine:289 - Generated code: N:\EECS373-CubeIDE-Workspace\373_Final_Project\MXTmpFiles\dma.tmp
2025-11-08 15:56:51,941 [INFO] CodeEngine:265 - oldGeneratedFile, N:\EECS373-CubeIDE-Workspace\373_Final_Project\MXTmpFiles\dma_GV.tmp_save
2025-11-08 15:56:52,337 [INFO] CodeEngine:289 - Generated code: N:\EECS373-CubeIDE-Workspace\373_Final_Project\MXTmpFiles\dma_GV.tmp
2025-11-08 15:56:52,904 [INFO] CodeEngine:265 - oldGeneratedFile, N:\EECS373-CubeIDE-Workspace\373_Final_Project\Core\Src\stm32l4xx_it.c_save
2025-11-08 15:56:53,639 [INFO] CodeEngine:289 - Generated code: N:\EECS373-CubeIDE-Workspace\373_Final_Project\Core\Src\stm32l4xx_it.c
2025-11-08 15:56:53,955 [INFO] CodeEngine:265 - oldGeneratedFile, N:\EECS373-CubeIDE-Workspace\373_Final_Project\Core\Inc\stm32l4xx_it.h_save
2025-11-08 15:56:54,522 [INFO] CodeEngine:289 - Generated code: N:\EECS373-CubeIDE-Workspace\373_Final_Project\Core\Inc\stm32l4xx_it.h
2025-11-08 15:56:55,104 [INFO] CodeEngine:265 - oldGeneratedFile, N:\EECS373-CubeIDE-Workspace\373_Final_Project\Core\Src\stm32l4xx_hal_msp.c_save
2025-11-08 15:56:55,715 [INFO] CodeEngine:289 - Generated code: N:\EECS373-CubeIDE-Workspace\373_Final_Project\Core\Src\stm32l4xx_hal_msp.c
2025-11-08 15:56:55,935 [INFO] CodeEngine:265 - oldGeneratedFile, N:\EECS373-CubeIDE-Workspace\373_Final_Project\MXTmpFiles\system.tmp_save
2025-11-08 15:56:56,505 [INFO] CodeEngine:289 - Generated code: N:\EECS373-CubeIDE-Workspace\373_Final_Project\MXTmpFiles\system.tmp
2025-11-08 15:56:57,084 [INFO] CodeEngine:321 - oldGeneratedFile, N:\EECS373-CubeIDE-Workspace\373_Final_Project\Core\Inc\stm32l4xx_hal_conf.h_save
2025-11-08 15:56:57,761 [INFO] CodeEngine:345 - Generated code: N:\EECS373-CubeIDE-Workspace\373_Final_Project\Core\Inc\stm32l4xx_hal_conf.h
2025-11-08 15:56:58,480 [INFO] CodeEngine:265 - oldGeneratedFile, N:\EECS373-CubeIDE-Workspace\373_Final_Project\Core\Inc\main.h_save
2025-11-08 15:56:59,041 [INFO] CodeEngine:289 - Generated code: N:\EECS373-CubeIDE-Workspace\373_Final_Project\Core\Inc\main.h
2025-11-08 15:56:59,346 [INFO] CodeEngine:265 - oldGeneratedFile, N:\EECS373-CubeIDE-Workspace\373_Final_Project\Core\Src\main.c_save
2025-11-08 15:57:00,246 [INFO] CodeEngine:289 - Generated code: N:\EECS373-CubeIDE-Workspace\373_Final_Project\Core\Src\main.c
2025-11-08 15:57:15,603 [INFO] ProjectBuilder:3606 - Time for Copy HAL[1] : 14280mS.
2025-11-08 15:57:15,675 [INFO] ProjectBuilder:5216 - Project Generator version: 4.7.0-B52
2025-11-08 15:57:15,756 [INFO] ConfigFileManager:1595 - The Die is : DIE470
2025-11-08 15:57:23,383 [INFO] ProjectBuilder:5496 - Time for Generating toolchain IDE Files: 7708mS.
2025-11-08 15:57:23,480 [INFO] ProjectBuilder:3463 - Time for Copy CMSIS : 95mS.
2025-11-08 15:57:23,500 [INFO] ProjectBuilder:3463 - Time for Copy CMSIS : 0mS.
